{"meta": {"format": 3, "version": "7.13.2", "timestamp": "2026-02-11T19:03:56.019056", "branch_coverage": false, "show_contexts": false}, "files": {"app\\__init__.py": {"executed_lines": [2, 4], "summary": {"covered_lines": 2, "num_statements": 2, "percent_covered": 100.0, "percent_covered_display": "100", "missing_lines": 0, "excluded_lines": 0, "percent_statements_covered": 100.0, "percent_statements_covered_display": "100"}, "missing_lines": [], "excluded_lines": [], "functions": {"": {"executed_lines": [2, 4], "summary": {"covered_lines": 2, "num_statements": 2, "percent_covered": 100.0, "percent_covered_display": "100", "missing_lines": 0, "excluded_lines": 0, "percent_statements_covered": 100.0, "percent_statements_covered_display": "100"}, "missing_lines": [], "excluded_lines": [], "start_line": 1}}, "classes": {"": {"executed_lines": [2, 4], "summary": {"covered_lines": 2, "num_statements": 2, "percent_covered": 100.0, "percent_covered_display": "100", "missing_lines": 0, "excluded_lines": 0, "percent_statements_covered": 100.0, "percent_statements_covered_display": "100"}, "missing_lines": [], "excluded_lines": [], "start_line": 1}}}, "app\\application\\__init__.py": {"executed_lines": [2, 11, 18], "summary": {"covered_lines": 3, "num_statements": 3, "percent_covered": 100.0, "percent_covered_display": "100", "missing_lines": 0, "excluded_lines": 0, "percent_statements_covered": 100.0, "percent_statements_covered_display": "100"}, "missing_lines": [], "excluded_lines": [], "functions": {"": {"executed_lines": [2, 11, 18], "summary": {"covered_lines": 3, "num_statements": 3, "percent_covered": 100.0, "percent_covered_display": "100", "missing_lines": 0, "excluded_lines": 0, "percent_statements_covered": 100.0, "percent_statements_covered_display": "100"}, "missing_lines": [], "excluded_lines": [], "start_line": 1}}, "classes": {"": {"executed_lines": [2, 11, 18], "summary": {"covered_lines": 3, "num_statements": 3, "percent_covered": 100.0, "percent_covered_display": "100", "missing_lines": 0, "excluded_lines": 0, "percent_statements_covered": 100.0, "percent_statements_covered_display": "100"}, "missing_lines": [], "excluded_lines": [], "start_line": 1}}}, "app\\application\\dto\\__init__.py": {"executed_lines": [2, 12], "summary": {"covered_lines": 2, "num_statements": 2, "percent_covered": 100.0, "percent_covered_display": "100", "missing_lines": 0, "excluded_lines": 0, "percent_statements_covered": 100.0, "percent_statements_covered_display": "100"}, "missing_lines": [], "excluded_lines": [], "functions": {"": {"executed_lines": [2, 12], "summary": {"covered_lines": 2, "num_statements": 2, "percent_covered": 100.0, "percent_covered_display": "100", "missing_lines": 0, "excluded_lines": 0, "percent_statements_covered": 100.0, "percent_statements_covered_display": "100"}, "missing_lines": [], "excluded_lines": [], "start_line": 1}}, "classes": {"": {"executed_lines": [2, 12], "summary": {"covered_lines": 2, "num_statements": 2, "percent_covered": 100.0, "percent_covered_display": "100", "missing_lines": 0, "excluded_lines": 0, "percent_statements_covered": 100.0, "percent_statements_covered_display": "100"}, "missing_lines": [], "excluded_lines": [], "start_line": 1}}}, "app\\application\\dto\\user_dto.py": {"executed_lines": [5, 6, 7, 8, 11, 14, 20, 26, 31, 32, 33, 39, 42, 43, 46, 48, 49, 51, 53, 54, 55, 60, 63, 64, 66, 67, 69, 70, 72, 73, 75, 78, 81, 82, 84, 85, 86, 88, 91, 94, 99, 100, 101, 104, 106, 107, 110, 111, 113, 116, 119, 121, 122, 123, 125, 126, 127, 129, 132, 135, 138, 139, 140, 141, 142, 144, 145, 148, 151, 152, 153, 154, 155, 156, 157, 160, 163, 164, 165], "summary": {"covered_lines": 79, "num_statements": 81, "percent_covered": 97.53086419753086, "percent_covered_display": "98", "missing_lines": 2, "excluded_lines": 0, "percent_statements_covered": 97.53086419753086, "percent_statements_covered_display": "98"}, "missing_lines": [61, 130], "excluded_lines": [], "functions": {"RegisterRequest.validate_username": {"executed_lines": [39, 42, 43, 46, 48, 49, 51], "summary": {"covered_lines": 7, "num_statements": 7, "percent_covered": 100.0, "percent_covered_display": "100", "missing_lines": 0, "excluded_lines": 0, "percent_statements_covered": 100.0, "percent_statements_covered_display": "100"}, "missing_lines": [], "excluded_lines": [], "start_line": 33}, "RegisterRequest.validate_password": {"executed_lines": [60, 63, 64, 66, 67, 69, 70, 72, 73, 75], "summary": {"covered_lines": 10, "num_statements": 11, "percent_covered": 90.9090909090909, "percent_covered_display": "91", "missing_lines": 1, "excluded_lines": 0, "percent_statements_covered": 90.9090909090909, "percent_statements_covered_display": "91"}, "missing_lines": [61], "excluded_lines": [], "start_line": 55}, "LoginRequest.sanitize_username": {"executed_lines": [88], "summary": {"covered_lines": 1, "num_statements": 1, "percent_covered": 100.0, "percent_covered_display": "100", "missing_lines": 0, "excluded_lines": 0, "percent_statements_covered": 100.0, "percent_statements_covered_display": "100"}, "missing_lines": [], "excluded_lines": [], "start_line": 86}, "FaceRegisterRequest.validate_image": {"executed_lines": [104, 106, 107, 110, 111, 113], "summary": {"covered_lines": 6, "num_statements": 6, "percent_covered": 100.0, "percent_covered_display": "100", "missing_lines": 0, "excluded_lines": 0, "percent_statements_covered": 100.0, "percent_statements_covered_display": "100"}, "missing_lines": [], "excluded_lines": [], "start_line": 101}, "FaceVerifyRequest.validate_image": {"executed_lines": [125, 126, 127, 129, 132], "summary": {"covered_lines": 5, "num_statements": 6, "percent_covered": 83.33333333333333, "percent_covered_display": "83", "missing_lines": 1, "excluded_lines": 0, "percent_statements_covered": 83.33333333333333, "percent_statements_covered_display": "83"}, "missing_lines": [130], "excluded_lines": [], "start_line": 123}, "": {"executed_lines": [5, 6, 7, 8, 11, 14, 20, 26, 31, 32, 33, 53, 54, 55, 78, 81, 82, 84, 85, 86, 91, 94, 99, 100, 101, 116, 119, 121, 122, 123, 135, 138, 139, 140, 141, 142, 144, 145, 148, 151, 152, 153, 154, 155, 156, 157, 160, 163, 164, 165], "summary": {"covered_lines": 50, "num_statements": 50, "percent_covered": 100.0, "percent_covered_display": "100", "missing_lines": 0, "excluded_lines": 0, "percent_statements_covered": 100.0, "percent_statements_covered_display": "100"}, "missing_lines": [], "excluded_lines": [], "start_line": 1}}, "classes": {"RegisterRequest": {"executed_lines": [39, 42, 43, 46, 48, 49, 51, 60, 63, 64, 66, 67, 69, 70, 72, 73, 75], "summary": {"covered_lines": 17, "num_statements": 18, "percent_covered": 94.44444444444444, "percent_covered_display": "94", "missing_lines": 1, "excluded_lines": 0, "percent_statements_covered": 94.44444444444444, "percent_statements_covered_display": "94"}, "missing_lines": [61], "excluded_lines": [], "start_line": 11}, "LoginRequest": {"executed_lines": [88], "summary": {"covered_lines": 1, "num_statements": 1, "percent_covered": 100.0, "percent_covered_display": "100", "missing_lines": 0, "excluded_lines": 0, "percent_statements_covered": 100.0, "percent_statements_covered_display": "100"}, "missing_lines": [], "excluded_lines": [], "start_line": 78}, "FaceRegisterRequest": {"executed_lines": [104, 106, 107, 110, 111, 113], "summary": {"covered_lines": 6, "num_statements": 6, "percent_covered": 100.0, "percent_covered_display": "100", "missing_lines": 0, "excluded_lines": 0, "percent_statements_covered": 100.0, "percent_statements_covered_display": "100"}, "missing_lines": [], "excluded_lines": [], "start_line": 91}, "FaceVerifyRequest": {"executed_lines": [125, 126, 127, 129, 132], "summary": {"covered_lines": 5, "num_statements": 6, "percent_covered": 83.33333333333333, "percent_covered_display": "83", "missing_lines": 1, "excluded_lines": 0, "percent_statements_covered": 83.33333333333333, "percent_statements_covered_display": "83"}, "missing_lines": [130], "excluded_lines": [], "start_line": 116}, "UserResponse": {"executed_lines": [], "summary": {"covered_lines": 0, "num_statements": 0, "percent_covered": 100.0, "percent_covered_display": "100", "missing_lines": 0, "excluded_lines": 0, "percent_statements_covered": 100.0, "percent_statements_covered_display": "100"}, "missing_lines": [], "excluded_lines": [], "start_line": 135}, "UserResponse.Config": {"executed_lines": [], "summary": {"covered_lines": 0, "num_statements": 0, "percent_covered": 100.0, "percent_covered_display": "100", "missing_lines": 0, "excluded_lines": 0, "percent_statements_covered": 100.0, "percent_statements_covered_display": "100"}, "missing_lines": [], "excluded_lines": [], "start_line": 144}, "TokenResponse": {"executed_lines": [], "summary": {"covered_lines": 0, "num_statements": 0, "percent_covered": 100.0, "percent_covered_display": "100", "missing_lines": 0, "excluded_lines": 0, "percent_statements_covered": 100.0, "percent_statements_covered_display": "100"}, "missing_lines": [], "excluded_lines": [], "start_line": 148}, "MessageResponse": {"executed_lines": [], "summary": {"covered_lines": 0, "num_statements": 0, "percent_covered": 100.0, "percent_covered_display": "100", "missing_lines": 0, "excluded_lines": 0, "percent_statements_covered": 100.0, "percent_statements_covered_display": "100"}, "missing_lines": [], "excluded_lines": [], "start_line": 160}, "": {"executed_lines": [5, 6, 7, 8, 11, 14, 20, 26, 31, 32, 33, 53, 54, 55, 78, 81, 82, 84, 85, 86, 91, 94, 99, 100, 101, 116, 119, 121, 122, 123, 135, 138, 139, 140, 141, 142, 144, 145, 148, 151, 152, 153, 154, 155, 156, 157, 160, 163, 164, 165], "summary": {"covered_lines": 50, "num_statements": 50, "percent_covered": 100.0, "percent_covered_display": "100", "missing_lines": 0, "excluded_lines": 0, "percent_statements_covered": 100.0, "percent_statements_covered_display": "100"}, "missing_lines": [], "excluded_lines": [], "start_line": 1}}}, "app\\application\\use_cases\\__init__.py": {"executed_lines": [2, 3, 4, 5, 7], "summary": {"covered_lines": 5, "num_statements": 5, "percent_covered": 100.0, "percent_covered_display": "100", "missing_lines": 0, "excluded_lines": 0, "percent_statements_covered": 100.0, "percent_statements_covered_display": "100"}, "missing_lines": [], "excluded_lines": [], "functions": {"": {"executed_lines": [2, 3, 4, 5, 7], "summary": {"covered_lines": 5, "num_statements": 5, "percent_covered": 100.0, "percent_covered_display": "100", "missing_lines": 0, "excluded_lines": 0, "percent_statements_covered": 100.0, "percent_statements_covered_display": "100"}, "missing_lines": [], "excluded_lines": [], "start_line": 1}}, "classes": {"": {"executed_lines": [2, 3, 4, 5, 7], "summary": {"covered_lines": 5, "num_statements": 5, "percent_covered": 100.0, "percent_covered_display": "100", "missing_lines": 0, "excluded_lines": 0, "percent_statements_covered": 100.0, "percent_statements_covered_display": "100"}, "missing_lines": [], "excluded_lines": [], "start_line": 1}}}, "app\\application\\use_cases\\backup_code_service.py": {"executed_lines": [5, 6, 7, 8, 9, 10, 11, 13, 14, 15, 17, 20, 22, 24, 31, 34, 40, 41, 42, 44, 53, 54, 55, 56, 59, 62, 63, 64, 67, 70, 71, 72, 74, 76, 78, 86, 87, 88, 90, 91, 93, 95, 96, 97, 98, 99, 101, 114, 115, 116, 119, 120, 121, 124, 125, 127, 128, 131, 132, 133, 139, 141, 142, 145, 146, 147, 149, 150, 153, 154, 155, 157, 159, 161, 162, 164, 166, 167, 168, 170, 172, 177, 178, 179, 181, 182, 184, 185, 189, 192], "summary": {"covered_lines": 90, "num_statements": 97, "percent_covered": 92.78350515463917, "percent_covered_display": "93", "missing_lines": 7, "excluded_lines": 0, "percent_statements_covered": 92.78350515463917, "percent_statements_covered_display": "93"}, "missing_lines": [134, 135, 136, 137, 195, 196, 197], "excluded_lines": [], "functions": {"get_encryption_key": {"executed_lines": [22, 24, 31], "summary": {"covered_lines": 3, "num_statements": 3, "percent_covered": 100.0, "percent_covered_display": "100", "missing_lines": 0, "excluded_lines": 0, "percent_statements_covered": 100.0, "percent_statements_covered_display": "100"}, "missing_lines": [], "excluded_lines": [], "start_line": 20}, "BackupCodeService.__init__": {"executed_lines": [41, 42], "summary": {"covered_lines": 2, "num_statements": 2, "percent_covered": 100.0, "percent_covered_display": "100", "missing_lines": 0, "excluded_lines": 0, "percent_statements_covered": 100.0, "percent_statements_covered_display": "100"}, "missing_lines": [], "excluded_lines": [], "start_line": 40}, "BackupCodeService.generate_backup_code": {"executed_lines": [53, 54, 55, 56, 59, 62, 63, 64, 67, 70, 71, 72, 74, 76], "summary": {"covered_lines": 14, "num_statements": 14, "percent_covered": 100.0, "percent_covered_display": "100", "missing_lines": 0, "excluded_lines": 0, "percent_statements_covered": 100.0, "percent_statements_covered_display": "100"}, "missing_lines": [], "excluded_lines": [], "start_line": 44}, "BackupCodeService.get_existing_code": {"executed_lines": [86, 87, 88, 90, 91, 93, 95, 96, 97, 98, 99], "summary": {"covered_lines": 11, "num_statements": 11, "percent_covered": 100.0, "percent_covered_display": "100", "missing_lines": 0, "excluded_lines": 0, "percent_statements_covered": 100.0, "percent_statements_covered_display": "100"}, "missing_lines": [], "excluded_lines": [], "start_line": 78}, "BackupCodeService.verify_backup_code": {"executed_lines": [114, 115, 116, 119, 120, 121, 124, 125, 127, 128, 131, 132, 133, 139, 141, 142, 145, 146, 147, 149, 150, 153, 154, 155], "summary": {"covered_lines": 24, "num_statements": 28, "percent_covered": 85.71428571428571, "percent_covered_display": "86", "missing_lines": 4, "excluded_lines": 0, "percent_statements_covered": 85.71428571428571, "percent_statements_covered_display": "86"}, "missing_lines": [134, 135, 136, 137], "excluded_lines": [], "start_line": 101}, "BackupCodeService._handle_failed_attempt": {"executed_lines": [159, 161, 162, 164, 166, 167, 168, 170], "summary": {"covered_lines": 8, "num_statements": 8, "percent_covered": 100.0, "percent_covered_display": "100", "missing_lines": 0, "excluded_lines": 0, "percent_statements_covered": 100.0, "percent_statements_covered_display": "100"}, "missing_lines": [], "excluded_lines": [], "start_line": 157}, "BackupCodeService.invalidate_backup_code": {"executed_lines": [177, 178, 179, 181, 182, 184, 185], "summary": {"covered_lines": 7, "num_statements": 7, "percent_covered": 100.0, "percent_covered_display": "100", "missing_lines": 0, "excluded_lines": 0, "percent_statements_covered": 100.0, "percent_statements_covered_display": "100"}, "missing_lines": [], "excluded_lines": [], "start_line": 172}, "get_backup_code_service": {"executed_lines": [], "summary": {"covered_lines": 0, "num_statements": 3, "percent_covered": 0.0, "percent_covered_display": "0", "missing_lines": 3, "excluded_lines": 0, "percent_statements_covered": 0.0, "percent_statements_covered_display": "0"}, "missing_lines": [195, 196, 197], "excluded_lines": [], "start_line": 192}, "": {"executed_lines": [5, 6, 7, 8, 9, 10, 11, 13, 14, 15, 17, 20, 34, 40, 44, 78, 101, 157, 172, 189, 192], "summary": {"covered_lines": 21, "num_statements": 21, "percent_covered": 100.0, "percent_covered_display": "100", "missing_lines": 0, "excluded_lines": 0, "percent_statements_covered": 100.0, "percent_statements_covered_display": "100"}, "missing_lines": [], "excluded_lines": [], "start_line": 1}}, "classes": {"BackupCodeService": {"executed_lines": [41, 42, 53, 54, 55, 56, 59, 62, 63, 64, 67, 70, 71, 72, 74, 76, 86, 87, 88, 90, 91, 93, 95, 96, 97, 98, 99, 114, 115, 116, 119, 120, 121, 124, 125, 127, 128, 131, 132, 133, 139, 141, 142, 145, 146, 147, 149, 150, 153, 154, 155, 159, 161, 162, 164, 166, 167, 168, 170, 177, 178, 179, 181, 182, 184, 185], "summary": {"covered_lines": 66, "num_statements": 70, "percent_covered": 94.28571428571429, "percent_covered_display": "94", "missing_lines": 4, "excluded_lines": 0, "percent_statements_covered": 94.28571428571429, "percent_statements_covered_display": "94"}, "missing_lines": [134, 135, 136, 137], "excluded_lines": [], "start_line": 34}, "": {"executed_lines": [5, 6, 7, 8, 9, 10, 11, 13, 14, 15, 17, 20, 22, 24, 31, 34, 40, 44, 78, 101, 157, 172, 189, 192], "summary": {"covered_lines": 24, "num_statements": 27, "percent_covered": 88.88888888888889, "percent_covered_display": "89", "missing_lines": 3, "excluded_lines": 0, "percent_statements_covered": 88.88888888888889, "percent_statements_covered_display": "89"}, "missing_lines": [195, 196, 197], "excluded_lines": [], "start_line": 1}}}, "app\\application\\use_cases\\login_user.py": {"executed_lines": [5, 6, 7, 8, 9, 11, 13, 14, 15, 16, 18, 21, 23, 24, 25, 26, 27, 28, 31, 37, 38, 39, 41, 48, 50, 52, 54, 55, 58, 59, 60, 61, 69, 71, 72, 73, 80, 81, 82, 88, 91, 92, 95, 99, 103, 104, 110, 112, 120, 130, 131, 132, 134, 136, 137, 140, 146, 149, 150, 152, 154, 158, 167, 173, 175], "summary": {"covered_lines": 65, "num_statements": 67, "percent_covered": 97.01492537313433, "percent_covered_display": "97", "missing_lines": 2, "excluded_lines": 0, "percent_statements_covered": 97.01492537313433, "percent_statements_covered_display": "97"}, "missing_lines": [141, 144], "excluded_lines": [], "functions": {"verify_password": {"executed_lines": [23, 24, 25, 26, 27, 28], "summary": {"covered_lines": 6, "num_statements": 6, "percent_covered": 100.0, "percent_covered_display": "100", "missing_lines": 0, "excluded_lines": 0, "percent_statements_covered": 100.0, "percent_statements_covered_display": "100"}, "missing_lines": [], "excluded_lines": [], "start_line": 21}, "LoginUserUseCase.__init__": {"executed_lines": [38, 39], "summary": {"covered_lines": 2, "num_statements": 2, "percent_covered": 100.0, "percent_covered_display": "100", "missing_lines": 0, "excluded_lines": 0, "percent_statements_covered": 100.0, "percent_statements_covered_display": "100"}, "missing_lines": [], "excluded_lines": [], "start_line": 37}, "LoginUserUseCase.execute": {"executed_lines": [48, 50, 52, 54, 55, 58, 59, 60, 61, 69, 71, 72, 73, 80, 81, 82, 88, 91, 92, 95, 99, 103, 104, 110, 112, 120, 130, 131, 132], "summary": {"covered_lines": 29, "num_statements": 29, "percent_covered": 100.0, "percent_covered_display": "100", "missing_lines": 0, "excluded_lines": 0, "percent_statements_covered": 100.0, "percent_statements_covered_display": "100"}, "missing_lines": [], "excluded_lines": [], "start_line": 41}, "LoginUserUseCase._handle_failed_attempt": {"executed_lines": [136, 137, 140, 146, 149, 150], "summary": {"covered_lines": 6, "num_statements": 8, "percent_covered": 75.0, "percent_covered_display": "75", "missing_lines": 2, "excluded_lines": 0, "percent_statements_covered": 75.0, "percent_statements_covered_display": "75"}, "missing_lines": [141, 144], "excluded_lines": [], "start_line": 134}, "LoginUserUseCase._generate_token": {"executed_lines": [154, 158, 167], "summary": {"covered_lines": 3, "num_statements": 3, "percent_covered": 100.0, "percent_covered_display": "100", "missing_lines": 0, "excluded_lines": 0, "percent_statements_covered": 100.0, "percent_statements_covered_display": "100"}, "missing_lines": [], "excluded_lines": [], "start_line": 152}, "LoginUserUseCase._generate_session_token": {"executed_lines": [175], "summary": {"covered_lines": 1, "num_statements": 1, "percent_covered": 100.0, "percent_covered_display": "100", "missing_lines": 0, "excluded_lines": 0, "percent_statements_covered": 100.0, "percent_statements_covered_display": "100"}, "missing_lines": [], "excluded_lines": [], "start_line": 173}, "": {"executed_lines": [5, 6, 7, 8, 9, 11, 13, 14, 15, 16, 18, 21, 31, 37, 41, 134, 152, 173], "summary": {"covered_lines": 18, "num_statements": 18, "percent_covered": 100.0, "percent_covered_display": "100", "missing_lines": 0, "excluded_lines": 0, "percent_statements_covered": 100.0, "percent_statements_covered_display": "100"}, "missing_lines": [], "excluded_lines": [], "start_line": 1}}, "classes": {"LoginUserUseCase": {"executed_lines": [38, 39, 48, 50, 52, 54, 55, 58, 59, 60, 61, 69, 71, 72, 73, 80, 81, 82, 88, 91, 92, 95, 99, 103, 104, 110, 112, 120, 130, 131, 132, 136, 137, 140, 146, 149, 150, 154, 158, 167, 175], "summary": {"covered_lines": 41, "num_statements": 43, "percent_covered": 95.34883720930233, "percent_covered_display": "95", "missing_lines": 2, "excluded_lines": 0, "percent_statements_covered": 95.34883720930233, "percent_statements_covered_display": "95"}, "missing_lines": [141, 144], "excluded_lines": [], "start_line": 31}, "": {"executed_lines": [5, 6, 7, 8, 9, 11, 13, 14, 15, 16, 18, 21, 23, 24, 25, 26, 27, 28, 31, 37, 41, 134, 152, 173], "summary": {"covered_lines": 24, "num_statements": 24, "percent_covered": 100.0, "percent_covered_display": "100", "missing_lines": 0, "excluded_lines": 0, "percent_statements_covered": 100.0, "percent_statements_covered_display": "100"}, "missing_lines": [], "excluded_lines": [], "start_line": 1}}}, "app\\application\\use_cases\\register_face.py": {"executed_lines": [5, 6, 7, 9, 10, 11, 13, 16, 22, 25, 26, 28, 39, 41, 42, 43, 46, 47, 50, 54, 55, 56, 59, 60, 62, 63, 65, 67, 73, 74, 75], "summary": {"covered_lines": 31, "num_statements": 31, "percent_covered": 100.0, "percent_covered_display": "100", "missing_lines": 0, "excluded_lines": 0, "percent_statements_covered": 100.0, "percent_statements_covered_display": "100"}, "missing_lines": [], "excluded_lines": [], "functions": {"RegisterFaceUseCase.__init__": {"executed_lines": [25, 26], "summary": {"covered_lines": 2, "num_statements": 2, "percent_covered": 100.0, "percent_covered_display": "100", "missing_lines": 0, "excluded_lines": 0, "percent_statements_covered": 100.0, "percent_statements_covered_display": "100"}, "missing_lines": [], "excluded_lines": [], "start_line": 22}, "RegisterFaceUseCase.execute": {"executed_lines": [39, 41, 42, 43, 46, 47, 50, 54, 55, 56, 59, 60, 62, 63, 65, 67, 73, 74, 75], "summary": {"covered_lines": 19, "num_statements": 19, "percent_covered": 100.0, "percent_covered_display": "100", "missing_lines": 0, "excluded_lines": 0, "percent_statements_covered": 100.0, "percent_statements_covered_display": "100"}, "missing_lines": [], "excluded_lines": [], "start_line": 28}, "": {"executed_lines": [5, 6, 7, 9, 10, 11, 13, 16, 22, 28], "summary": {"covered_lines": 10, "num_statements": 10, "percent_covered": 100.0, "percent_covered_display": "100", "missing_lines": 0, "excluded_lines": 0, "percent_statements_covered": 100.0, "percent_statements_covered_display": "100"}, "missing_lines": [], "excluded_lines": [], "start_line": 1}}, "classes": {"RegisterFaceUseCase": {"executed_lines": [25, 26, 39, 41, 42, 43, 46, 47, 50, 54, 55, 56, 59, 60, 62, 63, 65, 67, 73, 74, 75], "summary": {"covered_lines": 21, "num_statements": 21, "percent_covered": 100.0, "percent_covered_display": "100", "missing_lines": 0, "excluded_lines": 0, "percent_statements_covered": 100.0, "percent_statements_covered_display": "100"}, "missing_lines": [], "excluded_lines": [], "start_line": 16}, "": {"executed_lines": [5, 6, 7, 9, 10, 11, 13, 16, 22, 28], "summary": {"covered_lines": 10, "num_statements": 10, "percent_covered": 100.0, "percent_covered_display": "100", "missing_lines": 0, "excluded_lines": 0, "percent_statements_covered": 100.0, "percent_statements_covered_display": "100"}, "missing_lines": [], "excluded_lines": [], "start_line": 1}}}, "app\\application\\use_cases\\register_user.py": {"executed_lines": [5, 6, 7, 9, 10, 11, 13, 16, 19, 20, 21, 22, 25, 27, 28, 29, 32, 38, 43, 45, 55, 57, 58, 59, 60, 63, 64, 65, 66, 67, 70, 73, 81, 83, 86, 93, 95, 96, 97], "summary": {"covered_lines": 39, "num_statements": 39, "percent_covered": 100.0, "percent_covered_display": "100", "missing_lines": 0, "excluded_lines": 0, "percent_statements_covered": 100.0, "percent_statements_covered_display": "100"}, "missing_lines": [], "excluded_lines": [], "functions": {"hash_password": {"executed_lines": [19, 20, 21, 22], "summary": {"covered_lines": 4, "num_statements": 4, "percent_covered": 100.0, "percent_covered_display": "100", "missing_lines": 0, "excluded_lines": 0, "percent_statements_covered": 100.0, "percent_statements_covered_display": "100"}, "missing_lines": [], "excluded_lines": [], "start_line": 16}, "verify_password": {"executed_lines": [27, 28, 29], "summary": {"covered_lines": 3, "num_statements": 3, "percent_covered": 100.0, "percent_covered_display": "100", "missing_lines": 0, "excluded_lines": 0, "percent_statements_covered": 100.0, "percent_statements_covered_display": "100"}, "missing_lines": [], "excluded_lines": [], "start_line": 25}, "RegisterUserUseCase.__init__": {"executed_lines": [43], "summary": {"covered_lines": 1, "num_statements": 1, "percent_covered": 100.0, "percent_covered_display": "100", "missing_lines": 0, "excluded_lines": 0, "percent_statements_covered": 100.0, "percent_statements_covered_display": "100"}, "missing_lines": [], "excluded_lines": [], "start_line": 38}, "RegisterUserUseCase.execute": {"executed_lines": [55, 57, 58, 59, 60, 63, 64, 65, 66, 67, 70, 73, 81, 83, 86, 93, 95, 96, 97], "summary": {"covered_lines": 19, "num_statements": 19, "percent_covered": 100.0, "percent_covered_display": "100", "missing_lines": 0, "excluded_lines": 0, "percent_statements_covered": 100.0, "percent_statements_covered_display": "100"}, "missing_lines": [], "excluded_lines": [], "start_line": 45}, "": {"executed_lines": [5, 6, 7, 9, 10, 11, 13, 16, 25, 32, 38, 45], "summary": {"covered_lines": 12, "num_statements": 12, "percent_covered": 100.0, "percent_covered_display": "100", "missing_lines": 0, "excluded_lines": 0, "percent_statements_covered": 100.0, "percent_statements_covered_display": "100"}, "missing_lines": [], "excluded_lines": [], "start_line": 1}}, "classes": {"RegisterUserUseCase": {"executed_lines": [43, 55, 57, 58, 59, 60, 63, 64, 65, 66, 67, 70, 73, 81, 83, 86, 93, 95, 96, 97], "summary": {"covered_lines": 20, "num_statements": 20, "percent_covered": 100.0, "percent_covered_display": "100", "missing_lines": 0, "excluded_lines": 0, "percent_statements_covered": 100.0, "percent_statements_covered_display": "100"}, "missing_lines": [], "excluded_lines": [], "start_line": 32}, "": {"executed_lines": [5, 6, 7, 9, 10, 11, 13, 16, 19, 20, 21, 22, 25, 27, 28, 29, 32, 38, 45], "summary": {"covered_lines": 19, "num_statements": 19, "percent_covered": 100.0, "percent_covered_display": "100", "missing_lines": 0, "excluded_lines": 0, "percent_statements_covered": 100.0, "percent_statements_covered_display": "100"}, "missing_lines": [], "excluded_lines": [], "start_line": 1}}}, "app\\application\\use_cases\\verify_face.py": {"executed_lines": [6, 7, 8, 9, 11, 12, 13, 14, 16, 19, 20, 21, 24, 31, 34, 35, 36, 38, 49, 51, 52, 53, 56, 57, 58, 59, 66, 67, 72, 75, 80, 82, 83, 85, 87, 88, 90, 99, 101, 103, 104, 110, 117, 118, 119, 124, 132, 133, 136, 138, 139, 140, 143, 144, 146, 148, 149], "summary": {"covered_lines": 57, "num_statements": 60, "percent_covered": 95.0, "percent_covered_display": "95", "missing_lines": 3, "excluded_lines": 0, "percent_statements_covered": 95.0, "percent_statements_covered_display": "95"}, "missing_lines": [120, 121, 122], "excluded_lines": [], "functions": {"VerifyFaceUseCase.__init__": {"executed_lines": [34, 35, 36], "summary": {"covered_lines": 3, "num_statements": 3, "percent_covered": 100.0, "percent_covered_display": "100", "missing_lines": 0, "excluded_lines": 0, "percent_statements_covered": 100.0, "percent_statements_covered_display": "100"}, "missing_lines": [], "excluded_lines": [], "start_line": 31}, "VerifyFaceUseCase.execute": {"executed_lines": [49, 51, 52, 53, 56, 57, 58, 59, 66, 67, 72, 75, 80, 82, 83, 85, 87, 88, 90, 99, 101, 103, 104, 110, 117, 118, 119], "summary": {"covered_lines": 27, "num_statements": 30, "percent_covered": 90.0, "percent_covered_display": "90", "missing_lines": 3, "excluded_lines": 0, "percent_statements_covered": 90.0, "percent_statements_covered_display": "90"}, "missing_lines": [120, 121, 122], "excluded_lines": [], "start_line": 38}, "VerifyFaceUseCase._handle_failed_attempt": {"executed_lines": [132, 133, 136, 138, 139, 140, 143, 144, 146, 148, 149], "summary": {"covered_lines": 11, "num_statements": 11, "percent_covered": 100.0, "percent_covered_display": "100", "missing_lines": 0, "excluded_lines": 0, "percent_statements_covered": 100.0, "percent_statements_covered_display": "100"}, "missing_lines": [], "excluded_lines": [], "start_line": 124}, "": {"executed_lines": [6, 7, 8, 9, 11, 12, 13, 14, 16, 19, 20, 21, 24, 31, 38, 124], "summary": {"covered_lines": 16, "num_statements": 16, "percent_covered": 100.0, "percent_covered_display": "100", "missing_lines": 0, "excluded_lines": 0, "percent_statements_covered": 100.0, "percent_statements_covered_display": "100"}, "missing_lines": [], "excluded_lines": [], "start_line": 1}}, "classes": {"VerifyFaceUseCase": {"executed_lines": [34, 35, 36, 49, 51, 52, 53, 56, 57, 58, 59, 66, 67, 72, 75, 80, 82, 83, 85, 87, 88, 90, 99, 101, 103, 104, 110, 117, 118, 119, 132, 133, 136, 138, 139, 140, 143, 144, 146, 148, 149], "summary": {"covered_lines": 41, "num_statements": 44, "percent_covered": 93.18181818181819, "percent_covered_display": "93", "missing_lines": 3, "excluded_lines": 0, "percent_statements_covered": 93.18181818181819, "percent_statements_covered_display": "93"}, "missing_lines": [120, 121, 122], "excluded_lines": [], "start_line": 24}, "": {"executed_lines": [6, 7, 8, 9, 11, 12, 13, 14, 16, 19, 20, 21, 24, 31, 38, 124], "summary": {"covered_lines": 16, "num_statements": 16, "percent_covered": 100.0, "percent_covered_display": "100", "missing_lines": 0, "excluded_lines": 0, "percent_statements_covered": 100.0, "percent_statements_covered_display": "100"}, "missing_lines": [], "excluded_lines": [], "start_line": 1}}}, "app\\config\\__init__.py": {"executed_lines": [2, 4], "summary": {"covered_lines": 2, "num_statements": 2, "percent_covered": 100.0, "percent_covered_display": "100", "missing_lines": 0, "excluded_lines": 0, "percent_statements_covered": 100.0, "percent_statements_covered_display": "100"}, "missing_lines": [], "excluded_lines": [], "functions": {"": {"executed_lines": [2, 4], "summary": {"covered_lines": 2, "num_statements": 2, "percent_covered": 100.0, "percent_covered_display": "100", "missing_lines": 0, "excluded_lines": 0, "percent_statements_covered": 100.0, "percent_statements_covered_display": "100"}, "missing_lines": [], "excluded_lines": [], "start_line": 1}}, "classes": {"": {"executed_lines": [2, 4], "summary": {"covered_lines": 2, "num_statements": 2, "percent_covered": 100.0, "percent_covered_display": "100", "missing_lines": 0, "excluded_lines": 0, "percent_statements_covered": 100.0, "percent_statements_covered_display": "100"}, "missing_lines": [], "excluded_lines": [], "start_line": 1}}}, "app\\config\\settings.py": {"executed_lines": [5, 6, 7, 8, 11, 15, 16, 17, 18, 19, 22, 23, 24, 27, 28, 29, 32, 35, 38, 39, 41, 42, 44, 46, 47, 48, 51, 52, 54], "summary": {"covered_lines": 29, "num_statements": 29, "percent_covered": 100.0, "percent_covered_display": "100", "missing_lines": 0, "excluded_lines": 0, "percent_statements_covered": 100.0, "percent_statements_covered_display": "100"}, "missing_lines": [], "excluded_lines": [], "functions": {"Settings.database_url": {"executed_lines": [44], "summary": {"covered_lines": 1, "num_statements": 1, "percent_covered": 100.0, "percent_covered_display": "100", "missing_lines": 0, "excluded_lines": 0, "percent_statements_covered": 100.0, "percent_statements_covered_display": "100"}, "missing_lines": [], "excluded_lines": [], "start_line": 42}, "get_settings": {"executed_lines": [54], "summary": {"covered_lines": 1, "num_statements": 1, "percent_covered": 100.0, "percent_covered_display": "100", "missing_lines": 0, "excluded_lines": 0, "percent_statements_covered": 100.0, "percent_statements_covered_display": "100"}, "missing_lines": [], "excluded_lines": [], "start_line": 52}, "": {"executed_lines": [5, 6, 7, 8, 11, 15, 16, 17, 18, 19, 22, 23, 24, 27, 28, 29, 32, 35, 38, 39, 41, 42, 46, 47, 48, 51, 52], "summary": {"covered_lines": 27, "num_statements": 27, "percent_covered": 100.0, "percent_covered_display": "100", "missing_lines": 0, "excluded_lines": 0, "percent_statements_covered": 100.0, "percent_statements_covered_display": "100"}, "missing_lines": [], "excluded_lines": [], "start_line": 1}}, "classes": {"Settings": {"executed_lines": [44], "summary": {"covered_lines": 1, "num_statements": 1, "percent_covered": 100.0, "percent_covered_display": "100", "missing_lines": 0, "excluded_lines": 0, "percent_statements_covered": 100.0, "percent_statements_covered_display": "100"}, "missing_lines": [], "excluded_lines": [], "start_line": 11}, "Settings.Config": {"executed_lines": [], "summary": {"covered_lines": 0, "num_statements": 0, "percent_covered": 100.0, "percent_covered_display": "100", "missing_lines": 0, "excluded_lines": 0, "percent_statements_covered": 100.0, "percent_statements_covered_display": "100"}, "missing_lines": [], "excluded_lines": [], "start_line": 46}, "": {"executed_lines": [5, 6, 7, 8, 11, 15, 16, 17, 18, 19, 22, 23, 24, 27, 28, 29, 32, 35, 38, 39, 41, 42, 46, 47, 48, 51, 52, 54], "summary": {"covered_lines": 28, "num_statements": 28, "percent_covered": 100.0, "percent_covered_display": "100", "missing_lines": 0, "excluded_lines": 0, "percent_statements_covered": 100.0, "percent_statements_covered_display": "100"}, "missing_lines": [], "excluded_lines": [], "start_line": 1}}}, "app\\domain\\__init__.py": {"executed_lines": [2, 3, 5], "summary": {"covered_lines": 3, "num_statements": 3, "percent_covered": 100.0, "percent_covered_display": "100", "missing_lines": 0, "excluded_lines": 0, "percent_statements_covered": 100.0, "percent_statements_covered_display": "100"}, "missing_lines": [], "excluded_lines": [], "functions": {"": {"executed_lines": [2, 3, 5], "summary": {"covered_lines": 3, "num_statements": 3, "percent_covered": 100.0, "percent_covered_display": "100", "missing_lines": 0, "excluded_lines": 0, "percent_statements_covered": 100.0, "percent_statements_covered_display": "100"}, "missing_lines": [], "excluded_lines": [], "start_line": 1}}, "classes": {"": {"executed_lines": [2, 3, 5], "summary": {"covered_lines": 3, "num_statements": 3, "percent_covered": 100.0, "percent_covered_display": "100", "missing_lines": 0, "excluded_lines": 0, "percent_statements_covered": 100.0, "percent_statements_covered_display": "100"}, "missing_lines": [], "excluded_lines": [], "start_line": 1}}}, "app\\domain\\entities\\__init__.py": {"executed_lines": [2, 4], "summary": {"covered_lines": 2, "num_statements": 2, "percent_covered": 100.0, "percent_covered_display": "100", "missing_lines": 0, "excluded_lines": 0, "percent_statements_covered": 100.0, "percent_statements_covered_display": "100"}, "missing_lines": [], "excluded_lines": [], "functions": {"": {"executed_lines": [2, 4], "summary": {"covered_lines": 2, "num_statements": 2, "percent_covered": 100.0, "percent_covered_display": "100", "missing_lines": 0, "excluded_lines": 0, "percent_statements_covered": 100.0, "percent_statements_covered_display": "100"}, "missing_lines": [], "excluded_lines": [], "start_line": 1}}, "classes": {"": {"executed_lines": [2, 4], "summary": {"covered_lines": 2, "num_statements": 2, "percent_covered": 100.0, "percent_covered_display": "100", "missing_lines": 0, "excluded_lines": 0, "percent_statements_covered": 100.0, "percent_statements_covered_display": "100"}, "missing_lines": [], "excluded_lines": [], "start_line": 1}}}, "app\\domain\\entities\\user.py": {"executed_lines": [5, 6, 7, 8, 9, 12, 14, 15, 16, 19, 20, 23, 24, 25, 26, 27, 28, 29, 30, 31, 32, 33, 34, 35, 36, 37, 39, 41, 43, 45, 46, 47, 49, 51, 54, 56, 58, 60, 62, 64, 66, 67, 68, 69, 70, 71, 73, 75, 76, 78, 80, 82, 84, 85], "summary": {"covered_lines": 54, "num_statements": 55, "percent_covered": 98.18181818181819, "percent_covered_display": "98", "missing_lines": 1, "excluded_lines": 0, "percent_statements_covered": 98.18181818181819, "percent_statements_covered_display": "98"}, "missing_lines": [52], "excluded_lines": [], "functions": {"User.has_backup_code": {"executed_lines": [41], "summary": {"covered_lines": 1, "num_statements": 1, "percent_covered": 100.0, "percent_covered_display": "100", "missing_lines": 0, "excluded_lines": 0, "percent_statements_covered": 100.0, "percent_statements_covered_display": "100"}, "missing_lines": [], "excluded_lines": [], "start_line": 39}, "User.is_locked": {"executed_lines": [45, 46, 47], "summary": {"covered_lines": 3, "num_statements": 3, "percent_covered": 100.0, "percent_covered_display": "100", "missing_lines": 0, "excluded_lines": 0, "percent_statements_covered": 100.0, "percent_statements_covered_display": "100"}, "missing_lines": [], "excluded_lines": [], "start_line": 43}, "User.is_permanently_locked": {"executed_lines": [51, 54], "summary": {"covered_lines": 2, "num_statements": 3, "percent_covered": 66.66666666666667, "percent_covered_display": "67", "missing_lines": 1, "excluded_lines": 0, "percent_statements_covered": 66.66666666666667, "percent_statements_covered_display": "67"}, "missing_lines": [52], "excluded_lines": [], "start_line": 49}, "User.is_admin": {"executed_lines": [58], "summary": {"covered_lines": 1, "num_statements": 1, "percent_covered": 100.0, "percent_covered_display": "100", "missing_lines": 0, "excluded_lines": 0, "percent_statements_covered": 100.0, "percent_statements_covered_display": "100"}, "missing_lines": [], "excluded_lines": [], "start_line": 56}, "User.is_auditor": {"executed_lines": [62], "summary": {"covered_lines": 1, "num_statements": 1, "percent_covered": 100.0, "percent_covered_display": "100", "missing_lines": 0, "excluded_lines": 0, "percent_statements_covered": 100.0, "percent_statements_covered_display": "100"}, "missing_lines": [], "excluded_lines": [], "start_line": 60}, "User.get_face_encoding_list": {"executed_lines": [66, 67, 68, 69, 70, 71], "summary": {"covered_lines": 6, "num_statements": 6, "percent_covered": 100.0, "percent_covered_display": "100", "missing_lines": 0, "excluded_lines": 0, "percent_statements_covered": 100.0, "percent_statements_covered_display": "100"}, "missing_lines": [], "excluded_lines": [], "start_line": 64}, "User.set_face_encoding_from_list": {"executed_lines": [75, 76], "summary": {"covered_lines": 2, "num_statements": 2, "percent_covered": 100.0, "percent_covered_display": "100", "missing_lines": 0, "excluded_lines": 0, "percent_statements_covered": 100.0, "percent_statements_covered_display": "100"}, "missing_lines": [], "excluded_lines": [], "start_line": 73}, "User.increment_failed_attempts": {"executed_lines": [80], "summary": {"covered_lines": 1, "num_statements": 1, "percent_covered": 100.0, "percent_covered_display": "100", "missing_lines": 0, "excluded_lines": 0, "percent_statements_covered": 100.0, "percent_statements_covered_display": "100"}, "missing_lines": [], "excluded_lines": [], "start_line": 78}, "User.reset_failed_attempts": {"executed_lines": [84, 85], "summary": {"covered_lines": 2, "num_statements": 2, "percent_covered": 100.0, "percent_covered_display": "100", "missing_lines": 0, "excluded_lines": 0, "percent_statements_covered": 100.0, "percent_statements_covered_display": "100"}, "missing_lines": [], "excluded_lines": [], "start_line": 82}, "": {"executed_lines": [5, 6, 7, 8, 9, 12, 14, 15, 16, 19, 20, 23, 24, 25, 26, 27, 28, 29, 30, 31, 32, 33, 34, 35, 36, 37, 39, 43, 49, 56, 60, 64, 73, 78, 82], "summary": {"covered_lines": 35, "num_statements": 35, "percent_covered": 100.0, "percent_covered_display": "100", "missing_lines": 0, "excluded_lines": 0, "percent_statements_covered": 100.0, "percent_statements_covered_display": "100"}, "missing_lines": [], "excluded_lines": [], "start_line": 1}}, "classes": {"UserRole": {"executed_lines": [], "summary": {"covered_lines": 0, "num_statements": 0, "percent_covered": 100.0, "percent_covered_display": "100", "missing_lines": 0, "excluded_lines": 0, "percent_statements_covered": 100.0, "percent_statements_covered_display": "100"}, "missing_lines": [], "excluded_lines": [], "start_line": 12}, "User": {"executed_lines": [41, 45, 46, 47, 51, 54, 58, 62, 66, 67, 68, 69, 70, 71, 75, 76, 80, 84, 85], "summary": {"covered_lines": 19, "num_statements": 20, "percent_covered": 95.0, "percent_covered_display": "95", "missing_lines": 1, "excluded_lines": 0, "percent_statements_covered": 95.0, "percent_statements_covered_display": "95"}, "missing_lines": [52], "excluded_lines": [], "start_line": 20}, "": {"executed_lines": [5, 6, 7, 8, 9, 12, 14, 15, 16, 19, 20, 23, 24, 25, 26, 27, 28, 29, 30, 31, 32, 33, 34, 35, 36, 37, 39, 43, 49, 56, 60, 64, 73, 78, 82], "summary": {"covered_lines": 35, "num_statements": 35, "percent_covered": 100.0, "percent_covered_display": "100", "missing_lines": 0, "excluded_lines": 0, "percent_statements_covered": 100.0, "percent_statements_covered_display": "100"}, "missing_lines": [], "excluded_lines": [], "start_line": 1}}}, "app\\domain\\interfaces\\__init__.py": {"executed_lines": [2, 3, 5], "summary": {"covered_lines": 3, "num_statements": 3, "percent_covered": 100.0, "percent_covered_display": "100", "missing_lines": 0, "excluded_lines": 0, "percent_statements_covered": 100.0, "percent_statements_covered_display": "100"}, "missing_lines": [], "excluded_lines": [], "functions": {"": {"executed_lines": [2, 3, 5], "summary": {"covered_lines": 3, "num_statements": 3, "percent_covered": 100.0, "percent_covered_display": "100", "missing_lines": 0, "excluded_lines": 0, "percent_statements_covered": 100.0, "percent_statements_covered_display": "100"}, "missing_lines": [], "excluded_lines": [], "start_line": 1}}, "classes": {"": {"executed_lines": [2, 3, 5], "summary": {"covered_lines": 3, "num_statements": 3, "percent_covered": 100.0, "percent_covered_display": "100", "missing_lines": 0, "excluded_lines": 0, "percent_statements_covered": 100.0, "percent_statements_covered_display": "100"}, "missing_lines": [], "excluded_lines": [], "start_line": 1}}}, "app\\domain\\interfaces\\face_service.py": {"executed_lines": [5, 6, 7, 10, 16, 17, 32, 33, 53, 54, 69, 70], "summary": {"covered_lines": 12, "num_statements": 16, "percent_covered": 75.0, "percent_covered_display": "75", "missing_lines": 4, "excluded_lines": 0, "percent_statements_covered": 75.0, "percent_statements_covered_display": "75"}, "missing_lines": [30, 51, 67, 88], "excluded_lines": [], "functions": {"IFaceService.extract_face_encoding": {"executed_lines": [], "summary": {"covered_lines": 0, "num_statements": 1, "percent_covered": 0.0, "percent_covered_display": "0", "missing_lines": 1, "excluded_lines": 0, "percent_statements_covered": 0.0, "percent_statements_covered_display": "0"}, "missing_lines": [30], "excluded_lines": [], "start_line": 17}, "IFaceService.verify_face": {"executed_lines": [], "summary": {"covered_lines": 0, "num_statements": 1, "percent_covered": 0.0, "percent_covered_display": "0", "missing_lines": 1, "excluded_lines": 0, "percent_statements_covered": 0.0, "percent_statements_covered_display": "0"}, "missing_lines": [51], "excluded_lines": [], "start_line": 33}, "IFaceService.detect_spoofing": {"executed_lines": [], "summary": {"covered_lines": 0, "num_statements": 1, "percent_covered": 0.0, "percent_covered_display": "0", "missing_lines": 1, "excluded_lines": 0, "percent_statements_covered": 0.0, "percent_statements_covered_display": "0"}, "missing_lines": [67], "excluded_lines": [], "start_line": 54}, "IFaceService.verify_face_with_antispoofing": {"executed_lines": [], "summary": {"covered_lines": 0, "num_statements": 1, "percent_covered": 0.0, "percent_covered_display": "0", "missing_lines": 1, "excluded_lines": 0, "percent_statements_covered": 0.0, "percent_statements_covered_display": "0"}, "missing_lines": [88], "excluded_lines": [], "start_line": 70}, "": {"executed_lines": [5, 6, 7, 10, 16, 17, 32, 33, 53, 54, 69, 70], "summary": {"covered_lines": 12, "num_statements": 12, "percent_covered": 100.0, "percent_covered_display": "100", "missing_lines": 0, "excluded_lines": 0, "percent_statements_covered": 100.0, "percent_statements_covered_display": "100"}, "missing_lines": [], "excluded_lines": [], "start_line": 1}}, "classes": {"IFaceService": {"executed_lines": [], "summary": {"covered_lines": 0, "num_statements": 4, "percent_covered": 0.0, "percent_covered_display": "0", "missing_lines": 4, "excluded_lines": 0, "percent_statements_covered": 0.0, "percent_statements_covered_display": "0"}, "missing_lines": [30, 51, 67, 88], "excluded_lines": [], "start_line": 10}, "": {"executed_lines": [5, 6, 7, 10, 16, 17, 32, 33, 53, 54, 69, 70], "summary": {"covered_lines": 12, "num_statements": 12, "percent_covered": 100.0, "percent_covered_display": "100", "missing_lines": 0, "excluded_lines": 0, "percent_statements_covered": 100.0, "percent_statements_covered_display": "100"}, "missing_lines": [], "excluded_lines": [], "start_line": 1}}}, "app\\domain\\interfaces\\user_repository.py": {"executed_lines": [5, 6, 7, 10, 17, 18, 22, 23, 27, 28, 32, 33, 37, 38, 42, 43, 47, 48, 52, 53], "summary": {"covered_lines": 20, "num_statements": 28, "percent_covered": 71.42857142857143, "percent_covered_display": "71", "missing_lines": 8, "excluded_lines": 0, "percent_statements_covered": 71.42857142857143, "percent_statements_covered_display": "71"}, "missing_lines": [20, 25, 30, 35, 40, 45, 50, 55], "excluded_lines": [], "functions": {"IUserRepository.create": {"executed_lines": [], "summary": {"covered_lines": 0, "num_statements": 1, "percent_covered": 0.0, "percent_covered_display": "0", "missing_lines": 1, "excluded_lines": 0, "percent_statements_covered": 0.0, "percent_statements_covered_display": "0"}, "missing_lines": [20], "excluded_lines": [], "start_line": 18}, "IUserRepository.find_by_id": {"executed_lines": [], "summary": {"covered_lines": 0, "num_statements": 1, "percent_covered": 0.0, "percent_covered_display": "0", "missing_lines": 1, "excluded_lines": 0, "percent_statements_covered": 0.0, "percent_statements_covered_display": "0"}, "missing_lines": [25], "excluded_lines": [], "start_line": 23}, "IUserRepository.find_by_username": {"executed_lines": [], "summary": {"covered_lines": 0, "num_statements": 1, "percent_covered": 0.0, "percent_covered_display": "0", "missing_lines": 1, "excluded_lines": 0, "percent_statements_covered": 0.0, "percent_statements_covered_display": "0"}, "missing_lines": [30], "excluded_lines": [], "start_line": 28}, "IUserRepository.find_by_email": {"executed_lines": [], "summary": {"covered_lines": 0, "num_statements": 1, "percent_covered": 0.0, "percent_covered_display": "0", "missing_lines": 1, "excluded_lines": 0, "percent_statements_covered": 0.0, "percent_statements_covered_display": "0"}, "missing_lines": [35], "excluded_lines": [], "start_line": 33}, "IUserRepository.update": {"executed_lines": [], "summary": {"covered_lines": 0, "num_statements": 1, "percent_covered": 0.0, "percent_covered_display": "0", "missing_lines": 1, "excluded_lines": 0, "percent_statements_covered": 0.0, "percent_statements_covered_display": "0"}, "missing_lines": [40], "excluded_lines": [], "start_line": 38}, "IUserRepository.update_face_encoding": {"executed_lines": [], "summary": {"covered_lines": 0, "num_statements": 1, "percent_covered": 0.0, "percent_covered_display": "0", "missing_lines": 1, "excluded_lines": 0, "percent_statements_covered": 0.0, "percent_statements_covered_display": "0"}, "missing_lines": [45], "excluded_lines": [], "start_line": 43}, "IUserRepository.update_failed_attempts": {"executed_lines": [], "summary": {"covered_lines": 0, "num_statements": 1, "percent_covered": 0.0, "percent_covered_display": "0", "missing_lines": 1, "excluded_lines": 0, "percent_statements_covered": 0.0, "percent_statements_covered_display": "0"}, "missing_lines": [50], "excluded_lines": [], "start_line": 48}, "IUserRepository.delete": {"executed_lines": [], "summary": {"covered_lines": 0, "num_statements": 1, "percent_covered": 0.0, "percent_covered_display": "0", "missing_lines": 1, "excluded_lines": 0, "percent_statements_covered": 0.0, "percent_statements_covered_display": "0"}, "missing_lines": [55], "excluded_lines": [], "start_line": 53}, "": {"executed_lines": [5, 6, 7, 10, 17, 18, 22, 23, 27, 28, 32, 33, 37, 38, 42, 43, 47, 48, 52, 53], "summary": {"covered_lines": 20, "num_statements": 20, "percent_covered": 100.0, "percent_covered_display": "100", "missing_lines": 0, "excluded_lines": 0, "percent_statements_covered": 100.0, "percent_statements_covered_display": "100"}, "missing_lines": [], "excluded_lines": [], "start_line": 1}}, "classes": {"IUserRepository": {"executed_lines": [], "summary": {"covered_lines": 0, "num_statements": 8, "percent_covered": 0.0, "percent_covered_display": "0", "missing_lines": 8, "excluded_lines": 0, "percent_statements_covered": 0.0, "percent_statements_covered_display": "0"}, "missing_lines": [20, 25, 30, 35, 40, 45, 50, 55], "excluded_lines": [], "start_line": 10}, "": {"executed_lines": [5, 6, 7, 10, 17, 18, 22, 23, 27, 28, 32, 33, 37, 38, 42, 43, 47, 48, 52, 53], "summary": {"covered_lines": 20, "num_statements": 20, "percent_covered": 100.0, "percent_covered_display": "100", "missing_lines": 0, "excluded_lines": 0, "percent_statements_covered": 100.0, "percent_statements_covered_display": "100"}, "missing_lines": [], "excluded_lines": [], "start_line": 1}}}, "app\\infrastructure\\__init__.py": {"executed_lines": [2, 3, 5], "summary": {"covered_lines": 3, "num_statements": 3, "percent_covered": 100.0, "percent_covered_display": "100", "missing_lines": 0, "excluded_lines": 0, "percent_statements_covered": 100.0, "percent_statements_covered_display": "100"}, "missing_lines": [], "excluded_lines": [], "functions": {"": {"executed_lines": [2, 3, 5], "summary": {"covered_lines": 3, "num_statements": 3, "percent_covered": 100.0, "percent_covered_display": "100", "missing_lines": 0, "excluded_lines": 0, "percent_statements_covered": 100.0, "percent_statements_covered_display": "100"}, "missing_lines": [], "excluded_lines": [], "start_line": 1}}, "classes": {"": {"executed_lines": [2, 3, 5], "summary": {"covered_lines": 3, "num_statements": 3, "percent_covered": 100.0, "percent_covered_display": "100", "missing_lines": 0, "excluded_lines": 0, "percent_statements_covered": 100.0, "percent_statements_covered_display": "100"}, "missing_lines": [], "excluded_lines": [], "start_line": 1}}}, "app\\infrastructure\\database\\__init__.py": {"executed_lines": [2, 3, 5], "summary": {"covered_lines": 3, "num_statements": 3, "percent_covered": 100.0, "percent_covered_display": "100", "missing_lines": 0, "excluded_lines": 0, "percent_statements_covered": 100.0, "percent_statements_covered_display": "100"}, "missing_lines": [], "excluded_lines": [], "functions": {"": {"executed_lines": [2, 3, 5], "summary": {"covered_lines": 3, "num_statements": 3, "percent_covered": 100.0, "percent_covered_display": "100", "missing_lines": 0, "excluded_lines": 0, "percent_statements_covered": 100.0, "percent_statements_covered_display": "100"}, "missing_lines": [], "excluded_lines": [], "start_line": 1}}, "classes": {"": {"executed_lines": [2, 3, 5], "summary": {"covered_lines": 3, "num_statements": 3, "percent_covered": 100.0, "percent_covered_display": "100", "missing_lines": 0, "excluded_lines": 0, "percent_statements_covered": 100.0, "percent_statements_covered_display": "100"}, "missing_lines": [], "excluded_lines": [], "start_line": 1}}}, "app\\infrastructure\\database\\connection.py": {"executed_lines": [5, 6, 7, 9, 10, 12, 14, 17, 23, 24, 26, 27, 28, 29, 31, 32, 34, 36, 39, 40, 41, 52, 53, 54, 55, 57, 59, 60, 63, 68, 69, 74, 75, 76, 81, 82, 84, 85, 87, 90, 99, 102, 105, 106, 107], "summary": {"covered_lines": 45, "num_statements": 61, "percent_covered": 73.77049180327869, "percent_covered_display": "74", "missing_lines": 16, "excluded_lines": 0, "percent_statements_covered": 73.77049180327869, "percent_statements_covered_display": "74"}, "missing_lines": [37, 50, 51, 61, 65, 66, 77, 78, 79, 80, 83, 88, 92, 93, 94, 95], "excluded_lines": [], "functions": {"DatabaseConnection.__new__": {"executed_lines": [27, 28, 29], "summary": {"covered_lines": 3, "num_statements": 3, "percent_covered": 100.0, "percent_covered_display": "100", "missing_lines": 0, "excluded_lines": 0, "percent_statements_covered": 100.0, "percent_statements_covered_display": "100"}, "missing_lines": [], "excluded_lines": [], "start_line": 26}, "DatabaseConnection.__init__": {"executed_lines": [32], "summary": {"covered_lines": 1, "num_statements": 1, "percent_covered": 100.0, "percent_covered_display": "100", "missing_lines": 0, "excluded_lines": 0, "percent_statements_covered": 100.0, "percent_statements_covered_display": "100"}, "missing_lines": [], "excluded_lines": [], "start_line": 31}, "DatabaseConnection._initialize_pool": {"executed_lines": [36, 39, 40, 41, 52, 53, 54, 55], "summary": {"covered_lines": 8, "num_statements": 11, "percent_covered": 72.72727272727273, "percent_covered_display": "73", "missing_lines": 3, "excluded_lines": 0, "percent_statements_covered": 72.72727272727273, "percent_statements_covered_display": "73"}, "missing_lines": [37, 50, 51], "excluded_lines": [], "start_line": 34}, "DatabaseConnection.get_connection": {"executed_lines": [59, 60], "summary": {"covered_lines": 2, "num_statements": 3, "percent_covered": 66.66666666666667, "percent_covered_display": "67", "missing_lines": 1, "excluded_lines": 0, "percent_statements_covered": 66.66666666666667, "percent_statements_covered_display": "67"}, "missing_lines": [61], "excluded_lines": [], "start_line": 57}, "DatabaseConnection.release_connection": {"executed_lines": [], "summary": {"covered_lines": 0, "num_statements": 2, "percent_covered": 0.0, "percent_covered_display": "0", "missing_lines": 2, "excluded_lines": 0, "percent_statements_covered": 0.0, "percent_statements_covered_display": "0"}, "missing_lines": [65, 66], "excluded_lines": [], "start_line": 63}, "DatabaseConnection.get_cursor": {"executed_lines": [74, 75, 76, 81, 82, 84, 85, 87], "summary": {"covered_lines": 8, "num_statements": 14, "percent_covered": 57.142857142857146, "percent_covered_display": "57", "missing_lines": 6, "excluded_lines": 0, "percent_statements_covered": 57.142857142857146, "percent_statements_covered_display": "57"}, "missing_lines": [77, 78, 79, 80, 83, 88], "excluded_lines": [], "start_line": 69}, "DatabaseConnection.close_all": {"executed_lines": [], "summary": {"covered_lines": 0, "num_statements": 4, "percent_covered": 0.0, "percent_covered_display": "0", "missing_lines": 4, "excluded_lines": 0, "percent_statements_covered": 0.0, "percent_statements_covered_display": "0"}, "missing_lines": [92, 93, 94, 95], "excluded_lines": [], "start_line": 90}, "get_db": {"executed_lines": [105, 106, 107], "summary": {"covered_lines": 3, "num_statements": 3, "percent_covered": 100.0, "percent_covered_display": "100", "missing_lines": 0, "excluded_lines": 0, "percent_statements_covered": 100.0, "percent_statements_covered_display": "100"}, "missing_lines": [], "excluded_lines": [], "start_line": 102}, "": {"executed_lines": [5, 6, 7, 9, 10, 12, 14, 17, 23, 24, 26, 31, 34, 57, 63, 68, 69, 90, 99, 102], "summary": {"covered_lines": 20, "num_statements": 20, "percent_covered": 100.0, "percent_covered_display": "100", "missing_lines": 0, "excluded_lines": 0, "percent_statements_covered": 100.0, "percent_statements_covered_display": "100"}, "missing_lines": [], "excluded_lines": [], "start_line": 1}}, "classes": {"DatabaseConnection": {"executed_lines": [27, 28, 29, 32, 36, 39, 40, 41, 52, 53, 54, 55, 59, 60, 74, 75, 76, 81, 82, 84, 85, 87], "summary": {"covered_lines": 22, "num_statements": 38, "percent_covered": 57.89473684210526, "percent_covered_display": "58", "missing_lines": 16, "excluded_lines": 0, "percent_statements_covered": 57.89473684210526, "percent_statements_covered_display": "58"}, "missing_lines": [37, 50, 51, 61, 65, 66, 77, 78, 79, 80, 83, 88, 92, 93, 94, 95], "excluded_lines": [], "start_line": 17}, "": {"executed_lines": [5, 6, 7, 9, 10, 12, 14, 17, 23, 24, 26, 31, 34, 57, 63, 68, 69, 90, 99, 102, 105, 106, 107], "summary": {"covered_lines": 23, "num_statements": 23, "percent_covered": 100.0, "percent_covered_display": "100", "missing_lines": 0, "excluded_lines": 0, "percent_statements_covered": 100.0, "percent_statements_covered_display": "100"}, "missing_lines": [], "excluded_lines": [], "start_line": 1}}}, "app\\infrastructure\\database\\user_repository_impl.py": {"executed_lines": [5, 6, 7, 8, 10, 11, 12, 14, 17, 23, 24, 26, 31, 37, 38, 49, 50, 51, 52, 54, 55, 57, 59, 71, 72, 73, 75, 76, 78, 80, 85, 97, 98, 99, 101, 102, 104, 106, 108, 120, 121, 122, 124, 125, 127, 129, 131, 144, 145, 146, 147, 149, 151, 164, 165, 166, 167, 169, 171, 183, 184, 200, 201, 202, 204, 205, 207, 209, 215, 216, 217, 219, 220, 222, 224, 226, 232, 233, 234, 236, 240, 250, 251, 252, 254, 255, 257, 259, 261, 267, 268, 269, 271, 272, 274, 276, 278, 280, 281, 282, 284, 285, 287, 289, 291, 309, 311, 312, 313, 316, 317, 318, 320, 329, 331, 333, 334, 335, 338, 339, 340, 342, 351, 354], "summary": {"covered_lines": 124, "num_statements": 125, "percent_covered": 99.2, "percent_covered_display": "99", "missing_lines": 1, "excluded_lines": 0, "percent_statements_covered": 99.2, "percent_statements_covered_display": "99"}, "missing_lines": [356], "excluded_lines": [], "functions": {"UserRepositoryImpl.__init__": {"executed_lines": [24], "summary": {"covered_lines": 1, "num_statements": 1, "percent_covered": 100.0, "percent_covered_display": "100", "missing_lines": 0, "excluded_lines": 0, "percent_statements_covered": 100.0, "percent_statements_covered_display": "100"}, "missing_lines": [], "excluded_lines": [], "start_line": 23}, "UserRepositoryImpl.create": {"executed_lines": [31, 37, 38, 49, 50, 51, 52, 54, 55], "summary": {"covered_lines": 9, "num_statements": 9, "percent_covered": 100.0, "percent_covered_display": "100", "missing_lines": 0, "excluded_lines": 0, "percent_statements_covered": 100.0, "percent_statements_covered_display": "100"}, "missing_lines": [], "excluded_lines": [], "start_line": 26}, "UserRepositoryImpl.find_by_id": {"executed_lines": [59, 71, 72, 73, 75, 76, 78], "summary": {"covered_lines": 7, "num_statements": 7, "percent_covered": 100.0, "percent_covered_display": "100", "missing_lines": 0, "excluded_lines": 0, "percent_statements_covered": 100.0, "percent_statements_covered_display": "100"}, "missing_lines": [], "excluded_lines": [], "start_line": 57}, "UserRepositoryImpl.find_by_username": {"executed_lines": [85, 97, 98, 99, 101, 102, 104], "summary": {"covered_lines": 7, "num_statements": 7, "percent_covered": 100.0, "percent_covered_display": "100", "missing_lines": 0, "excluded_lines": 0, "percent_statements_covered": 100.0, "percent_statements_covered_display": "100"}, "missing_lines": [], "excluded_lines": [], "start_line": 80}, "UserRepositoryImpl.find_by_email": {"executed_lines": [108, 120, 121, 122, 124, 125, 127], "summary": {"covered_lines": 7, "num_statements": 7, "percent_covered": 100.0, "percent_covered_display": "100", "missing_lines": 0, "excluded_lines": 0, "percent_statements_covered": 100.0, "percent_statements_covered_display": "100"}, "missing_lines": [], "excluded_lines": [], "start_line": 106}, "UserRepositoryImpl.find_all_blocked": {"executed_lines": [131, 144, 145, 146, 147], "summary": {"covered_lines": 5, "num_statements": 5, "percent_covered": 100.0, "percent_covered_display": "100", "missing_lines": 0, "excluded_lines": 0, "percent_statements_covered": 100.0, "percent_statements_covered_display": "100"}, "missing_lines": [], "excluded_lines": [], "start_line": 129}, "UserRepositoryImpl.find_all_users": {"executed_lines": [151, 164, 165, 166, 167], "summary": {"covered_lines": 5, "num_statements": 5, "percent_covered": 100.0, "percent_covered_display": "100", "missing_lines": 0, "excluded_lines": 0, "percent_statements_covered": 100.0, "percent_statements_covered_display": "100"}, "missing_lines": [], "excluded_lines": [], "start_line": 149}, "UserRepositoryImpl.update": {"executed_lines": [171, 183, 184, 200, 201, 202, 204, 205], "summary": {"covered_lines": 8, "num_statements": 8, "percent_covered": 100.0, "percent_covered_display": "100", "missing_lines": 0, "excluded_lines": 0, "percent_statements_covered": 100.0, "percent_statements_covered_display": "100"}, "missing_lines": [], "excluded_lines": [], "start_line": 169}, "UserRepositoryImpl.update_face_encoding": {"executed_lines": [209, 215, 216, 217, 219, 220, 222], "summary": {"covered_lines": 7, "num_statements": 7, "percent_covered": 100.0, "percent_covered_display": "100", "missing_lines": 0, "excluded_lines": 0, "percent_statements_covered": 100.0, "percent_statements_covered_display": "100"}, "missing_lines": [], "excluded_lines": [], "start_line": 207}, "UserRepositoryImpl.update_failed_attempts": {"executed_lines": [226, 232, 233, 234], "summary": {"covered_lines": 4, "num_statements": 4, "percent_covered": 100.0, "percent_covered_display": "100", "missing_lines": 0, "excluded_lines": 0, "percent_statements_covered": 100.0, "percent_statements_covered_display": "100"}, "missing_lines": [], "excluded_lines": [], "start_line": 224}, "UserRepositoryImpl.unlock_user": {"executed_lines": [240, 250, 251, 252, 254, 255, 257], "summary": {"covered_lines": 7, "num_statements": 7, "percent_covered": 100.0, "percent_covered_display": "100", "missing_lines": 0, "excluded_lines": 0, "percent_statements_covered": 100.0, "percent_statements_covered_display": "100"}, "missing_lines": [], "excluded_lines": [], "start_line": 236}, "UserRepositoryImpl.update_password": {"executed_lines": [261, 267, 268, 269, 271, 272, 274], "summary": {"covered_lines": 7, "num_statements": 7, "percent_covered": 100.0, "percent_covered_display": "100", "missing_lines": 0, "excluded_lines": 0, "percent_statements_covered": 100.0, "percent_statements_covered_display": "100"}, "missing_lines": [], "excluded_lines": [], "start_line": 259}, "UserRepositoryImpl.delete": {"executed_lines": [278, 280, 281, 282, 284, 285, 287], "summary": {"covered_lines": 7, "num_statements": 7, "percent_covered": 100.0, "percent_covered_display": "100", "missing_lines": 0, "excluded_lines": 0, "percent_statements_covered": 100.0, "percent_statements_covered_display": "100"}, "missing_lines": [], "excluded_lines": [], "start_line": 276}, "UserRepositoryImpl._row_to_user": {"executed_lines": [291], "summary": {"covered_lines": 1, "num_statements": 1, "percent_covered": 100.0, "percent_covered_display": "100", "missing_lines": 0, "excluded_lines": 0, "percent_statements_covered": 100.0, "percent_statements_covered_display": "100"}, "missing_lines": [], "excluded_lines": [], "start_line": 289}, "UserRepositoryImpl.create_admin_if_not_exists": {"executed_lines": [311, 312, 313, 316, 317, 318, 320, 329], "summary": {"covered_lines": 8, "num_statements": 8, "percent_covered": 100.0, "percent_covered_display": "100", "missing_lines": 0, "excluded_lines": 0, "percent_statements_covered": 100.0, "percent_statements_covered_display": "100"}, "missing_lines": [], "excluded_lines": [], "start_line": 309}, "UserRepositoryImpl.create_auditor_if_not_exists": {"executed_lines": [333, 334, 335, 338, 339, 340, 342, 351], "summary": {"covered_lines": 8, "num_statements": 8, "percent_covered": 100.0, "percent_covered_display": "100", "missing_lines": 0, "excluded_lines": 0, "percent_statements_covered": 100.0, "percent_statements_covered_display": "100"}, "missing_lines": [], "excluded_lines": [], "start_line": 331}, "get_user_repository": {"executed_lines": [], "summary": {"covered_lines": 0, "num_statements": 1, "percent_covered": 0.0, "percent_covered_display": "0", "missing_lines": 1, "excluded_lines": 0, "percent_statements_covered": 0.0, "percent_statements_covered_display": "0"}, "missing_lines": [356], "excluded_lines": [], "start_line": 354}, "": {"executed_lines": [5, 6, 7, 8, 10, 11, 12, 14, 17, 23, 26, 57, 80, 106, 129, 149, 169, 207, 224, 236, 259, 276, 289, 309, 331, 354], "summary": {"covered_lines": 26, "num_statements": 26, "percent_covered": 100.0, "percent_covered_display": "100", "missing_lines": 0, "excluded_lines": 0, "percent_statements_covered": 100.0, "percent_statements_covered_display": "100"}, "missing_lines": [], "excluded_lines": [], "start_line": 1}}, "classes": {"UserRepositoryImpl": {"executed_lines": [24, 31, 37, 38, 49, 50, 51, 52, 54, 55, 59, 71, 72, 73, 75, 76, 78, 85, 97, 98, 99, 101, 102, 104, 108, 120, 121, 122, 124, 125, 127, 131, 144, 145, 146, 147, 151, 164, 165, 166, 167, 171, 183, 184, 200, 201, 202, 204, 205, 209, 215, 216, 217, 219, 220, 222, 226, 232, 233, 234, 240, 250, 251, 252, 254, 255, 257, 261, 267, 268, 269, 271, 272, 274, 278, 280, 281, 282, 284, 285, 287, 291, 311, 312, 313, 316, 317, 318, 320, 329, 333, 334, 335, 338, 339, 340, 342, 351], "summary": {"covered_lines": 98, "num_statements": 98, "percent_covered": 100.0, "percent_covered_display": "100", "missing_lines": 0, "excluded_lines": 0, "percent_statements_covered": 100.0, "percent_statements_covered_display": "100"}, "missing_lines": [], "excluded_lines": [], "start_line": 17}, "": {"executed_lines": [5, 6, 7, 8, 10, 11, 12, 14, 17, 23, 26, 57, 80, 106, 129, 149, 169, 207, 224, 236, 259, 276, 289, 309, 331, 354], "summary": {"covered_lines": 26, "num_statements": 27, "percent_covered": 96.29629629629629, "percent_covered_display": "96", "missing_lines": 1, "excluded_lines": 0, "percent_statements_covered": 96.29629629629629, "percent_statements_covered_display": "96"}, "missing_lines": [356], "excluded_lines": [], "start_line": 1}}}, "app\\infrastructure\\services\\__init__.py": {"executed_lines": [2, 4], "summary": {"covered_lines": 2, "num_statements": 2, "percent_covered": 100.0, "percent_covered_display": "100", "missing_lines": 0, "excluded_lines": 0, "percent_statements_covered": 100.0, "percent_statements_covered_display": "100"}, "missing_lines": [], "excluded_lines": [], "functions": {"": {"executed_lines": [2, 4], "summary": {"covered_lines": 2, "num_statements": 2, "percent_covered": 100.0, "percent_covered_display": "100", "missing_lines": 0, "excluded_lines": 0, "percent_statements_covered": 100.0, "percent_statements_covered_display": "100"}, "missing_lines": [], "excluded_lines": [], "start_line": 1}}, "classes": {"": {"executed_lines": [2, 4], "summary": {"covered_lines": 2, "num_statements": 2, "percent_covered": 100.0, "percent_covered_display": "100", "missing_lines": 0, "excluded_lines": 0, "percent_statements_covered": 100.0, "percent_statements_covered_display": "100"}, "missing_lines": [], "excluded_lines": [], "start_line": 1}}}, "app\\infrastructure\\services\\audit_service.py": {"executed_lines": [5, 6, 7, 8, 9, 10, 12, 14, 17, 18, 20, 21, 22, 23, 24, 25, 26, 27, 28, 29, 30, 31, 32, 35, 38, 39, 41, 47, 55, 56, 57, 59, 62, 63, 65, 67, 78, 79, 86, 87, 93, 94, 96, 97, 98, 99, 100, 105, 106, 109, 111, 113, 114, 115, 116, 117, 118, 119, 120, 122, 133, 134, 135, 138, 139, 140, 141, 142, 144, 146, 150, 151, 153, 161, 162, 176, 178, 179, 181, 182, 183, 185, 193, 195, 196, 197, 200, 205, 206, 208, 209, 210, 211, 213, 215, 220, 221, 223, 230, 231, 243, 249, 251, 260, 261, 262, 263, 265, 266, 267, 282, 283, 284, 285, 287, 289, 290, 291, 292, 293, 294, 295, 296, 300, 302, 304, 305, 306], "summary": {"covered_lines": 128, "num_statements": 137, "percent_covered": 93.43065693430657, "percent_covered_display": "93", "missing_lines": 9, "excluded_lines": 0, "percent_statements_covered": 93.43065693430657, "percent_statements_covered_display": "93"}, "missing_lines": [201, 202, 203, 204, 216, 217, 245, 246, 247], "excluded_lines": [], "functions": {"AuditService.__init__": {"executed_lines": [39], "summary": {"covered_lines": 1, "num_statements": 1, "percent_covered": 100.0, "percent_covered_display": "100", "missing_lines": 0, "excluded_lines": 0, "percent_statements_covered": 100.0, "percent_statements_covered_display": "100"}, "missing_lines": [], "excluded_lines": [], "start_line": 38}, "AuditService.get_real_ip": {"executed_lines": [47, 55, 56, 57, 59, 62, 63, 65], "summary": {"covered_lines": 8, "num_statements": 8, "percent_covered": 100.0, "percent_covered_display": "100", "missing_lines": 0, "excluded_lines": 0, "percent_statements_covered": 100.0, "percent_statements_covered_display": "100"}, "missing_lines": [], "excluded_lines": [], "start_line": 41}, "AuditService.get_location_from_ip": {"executed_lines": [78, 79, 86, 87, 93, 94, 96, 97, 98, 99, 100, 105, 106, 109], "summary": {"covered_lines": 14, "num_statements": 14, "percent_covered": 100.0, "percent_covered_display": "100", "missing_lines": 0, "excluded_lines": 0, "percent_statements_covered": 100.0, "percent_statements_covered_display": "100"}, "missing_lines": [], "excluded_lines": [], "start_line": 67}, "AuditService.get_public_ip": {"executed_lines": [113, 114, 115, 116, 117, 118, 119, 120], "summary": {"covered_lines": 8, "num_statements": 8, "percent_covered": 100.0, "percent_covered_display": "100", "missing_lines": 0, "excluded_lines": 0, "percent_statements_covered": 100.0, "percent_statements_covered_display": "100"}, "missing_lines": [], "excluded_lines": [], "start_line": 111}, "AuditService.log_action": {"executed_lines": [133, 134, 135, 138, 139, 140, 141, 142, 144, 146, 150, 151, 153, 161, 162, 176, 178, 179, 181, 182, 183], "summary": {"covered_lines": 21, "num_statements": 21, "percent_covered": 100.0, "percent_covered_display": "100", "missing_lines": 0, "excluded_lines": 0, "percent_statements_covered": 100.0, "percent_statements_covered_display": "100"}, "missing_lines": [], "excluded_lines": [], "start_line": 122}, "AuditService.log_failed_attempt": {"executed_lines": [193, 195, 196, 197, 200, 205, 206, 208, 209, 210, 211, 213, 215, 220, 221, 223, 230, 231, 243], "summary": {"covered_lines": 19, "num_statements": 28, "percent_covered": 67.85714285714286, "percent_covered_display": "68", "missing_lines": 9, "excluded_lines": 0, "percent_statements_covered": 67.85714285714286, "percent_statements_covered_display": "68"}, "missing_lines": [201, 202, 203, 204, 216, 217, 245, 246, 247], "excluded_lines": [], "start_line": 185}, "AuditService.get_logs": {"executed_lines": [251, 260, 261, 262, 263, 265, 266, 267, 282, 283, 284, 285], "summary": {"covered_lines": 12, "num_statements": 12, "percent_covered": 100.0, "percent_covered_display": "100", "missing_lines": 0, "excluded_lines": 0, "percent_statements_covered": 100.0, "percent_statements_covered_display": "100"}, "missing_lines": [], "excluded_lines": [], "start_line": 249}, "AuditService.get_logs_count": {"executed_lines": [289, 290, 291, 292, 293, 294, 295, 296], "summary": {"covered_lines": 8, "num_statements": 8, "percent_covered": 100.0, "percent_covered_display": "100", "missing_lines": 0, "excluded_lines": 0, "percent_statements_covered": 100.0, "percent_statements_covered_display": "100"}, "missing_lines": [], "excluded_lines": [], "start_line": 287}, "get_audit_service": {"executed_lines": [304, 305, 306], "summary": {"covered_lines": 3, "num_statements": 3, "percent_covered": 100.0, "percent_covered_display": "100", "missing_lines": 0, "excluded_lines": 0, "percent_statements_covered": 100.0, "percent_statements_covered_display": "100"}, "missing_lines": [], "excluded_lines": [], "start_line": 302}, "": {"executed_lines": [5, 6, 7, 8, 9, 10, 12, 14, 17, 18, 20, 21, 22, 23, 24, 25, 26, 27, 28, 29, 30, 31, 32, 35, 38, 41, 67, 111, 122, 185, 249, 287, 300, 302], "summary": {"covered_lines": 34, "num_statements": 34, "percent_covered": 100.0, "percent_covered_display": "100", "missing_lines": 0, "excluded_lines": 0, "percent_statements_covered": 100.0, "percent_statements_covered_display": "100"}, "missing_lines": [], "excluded_lines": [], "start_line": 1}}, "classes": {"AuditLog": {"executed_lines": [], "summary": {"covered_lines": 0, "num_statements": 0, "percent_covered": 100.0, "percent_covered_display": "100", "missing_lines": 0, "excluded_lines": 0, "percent_statements_covered": 100.0, "percent_statements_covered_display": "100"}, "missing_lines": [], "excluded_lines": [], "start_line": 18}, "AuditService": {"executed_lines": [39, 47, 55, 56, 57, 59, 62, 63, 65, 78, 79, 86, 87, 93, 94, 96, 97, 98, 99, 100, 105, 106, 109, 113, 114, 115, 116, 117, 118, 119, 120, 133, 134, 135, 138, 139, 140, 141, 142, 144, 146, 150, 151, 153, 161, 162, 176, 178, 179, 181, 182, 183, 193, 195, 196, 197, 200, 205, 206, 208, 209, 210, 211, 213, 215, 220, 221, 223, 230, 231, 243, 251, 260, 261, 262, 263, 265, 266, 267, 282, 283, 284, 285, 289, 290, 291, 292, 293, 294, 295, 296], "summary": {"covered_lines": 91, "num_statements": 100, "percent_covered": 91.0, "percent_covered_display": "91", "missing_lines": 9, "excluded_lines": 0, "percent_statements_covered": 91.0, "percent_statements_covered_display": "91"}, "missing_lines": [201, 202, 203, 204, 216, 217, 245, 246, 247], "excluded_lines": [], "start_line": 35}, "": {"executed_lines": [5, 6, 7, 8, 9, 10, 12, 14, 17, 18, 20, 21, 22, 23, 24, 25, 26, 27, 28, 29, 30, 31, 32, 35, 38, 41, 67, 111, 122, 185, 249, 287, 300, 302, 304, 305, 306], "summary": {"covered_lines": 37, "num_statements": 37, "percent_covered": 100.0, "percent_covered_display": "100", "missing_lines": 0, "excluded_lines": 0, "percent_statements_covered": 100.0, "percent_statements_covered_display": "100"}, "missing_lines": [], "excluded_lines": [], "start_line": 1}}}, "app\\infrastructure\\services\\deepface_service.py": {"executed_lines": [7, 8, 9, 10, 11, 13, 14, 16, 17, 19, 22, 25, 32, 33, 34, 37, 38, 41, 43, 44, 46, 56, 61, 69, 73, 75, 76, 77, 78, 79, 83, 84, 86, 89, 91, 92, 93, 95, 97, 98, 100, 102, 103, 108, 110, 112, 116, 117, 122, 125, 128, 130, 132, 134, 135, 138, 139, 142, 143, 146, 147, 149, 150, 151, 152, 153, 154, 155, 156, 157, 159, 161, 163, 164, 167, 168, 169, 171, 173, 174, 177, 178, 180, 190, 192, 193, 194, 196, 206, 208, 209, 211, 213, 214, 215, 296, 297, 298, 300, 302, 303, 305, 306, 307, 308, 310, 344, 345, 346, 348, 353, 355, 357, 365, 369, 378, 379, 380], "summary": {"covered_lines": 118, "num_statements": 194, "percent_covered": 60.824742268041234, "percent_covered_display": "61", "missing_lines": 76, "excluded_lines": 0, "percent_statements_covered": 60.824742268041234, "percent_statements_covered_display": "61"}, "missing_lines": [62, 63, 64, 66, 81, 87, 106, 119, 120, 175, 183, 184, 185, 187, 188, 218, 219, 222, 223, 227, 228, 231, 237, 245, 247, 248, 250, 251, 252, 255, 257, 258, 259, 261, 262, 263, 265, 266, 270, 271, 272, 274, 275, 277, 278, 281, 282, 284, 285, 287, 289, 291, 292, 294, 312, 313, 314, 315, 318, 319, 320, 321, 323, 325, 326, 328, 329, 331, 332, 333, 335, 337, 339, 340, 342, 358], "excluded_lines": [], "functions": {"OpenCVDNNFaceService.__init__": {"executed_lines": [33, 34, 37, 38, 41, 43, 44, 46, 56, 61, 69], "summary": {"covered_lines": 11, "num_statements": 15, "percent_covered": 73.33333333333333, "percent_covered_display": "73", "missing_lines": 4, "excluded_lines": 0, "percent_statements_covered": 73.33333333333333, "percent_statements_covered_display": "73"}, "missing_lines": [62, 63, 64, 66], "excluded_lines": [], "start_line": 32}, "OpenCVDNNFaceService._decode_image": {"executed_lines": [75, 76, 77, 78, 79, 83, 84, 86, 89, 91, 92, 93], "summary": {"covered_lines": 12, "num_statements": 14, "percent_covered": 85.71428571428571, "percent_covered_display": "86", "missing_lines": 2, "excluded_lines": 0, "percent_statements_covered": 85.71428571428571, "percent_statements_covered_display": "86"}, "missing_lines": [81, 87], "excluded_lines": [], "start_line": 73}, "OpenCVDNNFaceService._detect_face_dnn": {"executed_lines": [97, 98, 100, 102, 103], "summary": {"covered_lines": 5, "num_statements": 6, "percent_covered": 83.33333333333333, "percent_covered_display": "83", "missing_lines": 1, "excluded_lines": 0, "percent_statements_covered": 83.33333333333333, "percent_statements_covered_display": "83"}, "missing_lines": [106], "excluded_lines": [], "start_line": 95}, "OpenCVDNNFaceService._detect_face_haar": {"executed_lines": [110, 112, 116, 117], "summary": {"covered_lines": 4, "num_statements": 6, "percent_covered": 66.66666666666667, "percent_covered_display": "67", "missing_lines": 2, "excluded_lines": 0, "percent_statements_covered": 66.66666666666667, "percent_statements_covered_display": "67"}, "missing_lines": [119, 120], "excluded_lines": [], "start_line": 108}, "OpenCVDNNFaceService._extract_embedding_dnn": {"executed_lines": [125, 128, 130], "summary": {"covered_lines": 3, "num_statements": 3, "percent_covered": 100.0, "percent_covered_display": "100", "missing_lines": 0, "excluded_lines": 0, "percent_statements_covered": 100.0, "percent_statements_covered_display": "100"}, "missing_lines": [], "excluded_lines": [], "start_line": 122}, "OpenCVDNNFaceService._extract_embedding_fallback": {"executed_lines": [134, 135, 138, 139, 142, 143, 146, 147, 149, 150, 151, 152, 153, 154, 155, 156, 157, 159], "summary": {"covered_lines": 18, "num_statements": 18, "percent_covered": 100.0, "percent_covered_display": "100", "missing_lines": 0, "excluded_lines": 0, "percent_statements_covered": 100.0, "percent_statements_covered_display": "100"}, "missing_lines": [], "excluded_lines": [], "start_line": 132}, "OpenCVDNNFaceService.extract_face_encoding": {"executed_lines": [163, 164, 167, 168, 169, 171, 173, 174, 177, 178, 180, 190, 192, 193, 194], "summary": {"covered_lines": 15, "num_statements": 21, "percent_covered": 71.42857142857143, "percent_covered_display": "71", "missing_lines": 6, "excluded_lines": 0, "percent_statements_covered": 71.42857142857143, "percent_statements_covered_display": "71"}, "missing_lines": [175, 183, 184, 185, 187, 188], "excluded_lines": [], "start_line": 161}, "OpenCVDNNFaceService.verify_face": {"executed_lines": [206, 208, 209, 211, 213, 214, 215, 296, 297, 298], "summary": {"covered_lines": 10, "num_statements": 49, "percent_covered": 20.408163265306122, "percent_covered_display": "20", "missing_lines": 39, "excluded_lines": 0, "percent_statements_covered": 20.408163265306122, "percent_statements_covered_display": "20"}, "missing_lines": [218, 219, 222, 223, 227, 228, 231, 237, 245, 247, 248, 250, 251, 252, 255, 257, 258, 259, 261, 262, 263, 265, 266, 270, 271, 272, 274, 275, 277, 278, 281, 282, 284, 285, 287, 289, 291, 292, 294], "excluded_lines": [], "start_line": 196}, "OpenCVDNNFaceService.detect_spoofing": {"executed_lines": [302, 303, 305, 306, 307, 308, 310, 344, 345, 346], "summary": {"covered_lines": 10, "num_statements": 31, "percent_covered": 32.25806451612903, "percent_covered_display": "32", "missing_lines": 21, "excluded_lines": 0, "percent_statements_covered": 32.25806451612903, "percent_statements_covered_display": "32"}, "missing_lines": [312, 313, 314, 315, 318, 319, 320, 321, 323, 325, 326, 328, 329, 331, 332, 333, 335, 337, 339, 340, 342], "excluded_lines": [], "start_line": 300}, "OpenCVDNNFaceService.verify_face_with_antispoofing": {"executed_lines": [353, 355, 357, 365, 369], "summary": {"covered_lines": 5, "num_statements": 6, "percent_covered": 83.33333333333333, "percent_covered_display": "83", "missing_lines": 1, "excluded_lines": 0, "percent_statements_covered": 83.33333333333333, "percent_statements_covered_display": "83"}, "missing_lines": [358], "excluded_lines": [], "start_line": 348}, "": {"executed_lines": [7, 8, 9, 10, 11, 13, 14, 16, 17, 19, 22, 25, 32, 73, 95, 108, 122, 132, 161, 196, 300, 348, 378, 379, 380], "summary": {"covered_lines": 25, "num_statements": 25, "percent_covered": 100.0, "percent_covered_display": "100", "missing_lines": 0, "excluded_lines": 0, "percent_statements_covered":
[...]
, 31, 34, 36, 37, 38, 41, 45, 68, 69, 100, 101, 132, 133, 196, 197, 225, 226, 275, 276, 329, 330, 331, 334, 336, 338, 339, 342, 344, 345, 346, 349, 351, 352, 353, 354, 357, 358, 431, 432, 468, 469], "summary": {"covered_lines": 61, "num_statements": 61, "percent_covered": 100.0, "percent_covered_display": "100", "missing_lines": 0, "excluded_lines": 0, "percent_statements_covered": 100.0, "percent_statements_covered_display": "100"}, "missing_lines": [], "excluded_lines": [], "start_line": 1}}, "classes": {"UserListItem": {"executed_lines": [], "summary": {"covered_lines": 0, "num_statements": 0, "percent_covered": 100.0, "percent_covered_display": "100", "missing_lines": 0, "excluded_lines": 0, "percent_statements_covered": 100.0, "percent_statements_covered_display": "100"}, "missing_lines": [], "excluded_lines": [], "start_line": 21}, "UserListResponse": {"executed_lines": [], "summary": {"covered_lines": 0, "num_statements": 0, "percent_covered": 100.0, "percent_covered_display": "100", "missing_lines": 0, "excluded_lines": 0, "percent_statements_covered": 100.0, "percent_statements_covered_display": "100"}, "missing_lines": [], "excluded_lines": [], "start_line": 34}, "CreateUserRequest": {"executed_lines": [], "summary": {"covered_lines": 0, "num_statements": 0, "percent_covered": 100.0, "percent_covered_display": "100", "missing_lines": 0, "excluded_lines": 0, "percent_statements_covered": 100.0, "percent_statements_covered_display": "100"}, "missing_lines": [], "excluded_lines": [], "start_line": 334}, "UpdateUserRequest": {"executed_lines": [], "summary": {"covered_lines": 0, "num_statements": 0, "percent_covered": 100.0, "percent_covered_display": "100", "missing_lines": 0, "excluded_lines": 0, "percent_statements_covered": 100.0, "percent_statements_covered_display": "100"}, "missing_lines": [], "excluded_lines": [], "start_line": 342}, "SearchUsersResponse": {"executed_lines": [], "summary": {"covered_lines": 0, "num_statements": 0, "percent_covered": 100.0, "percent_covered_display": "100", "missing_lines": 0, "excluded_lines": 0, "percent_statements_covered": 100.0, "percent_statements_covered_display": "100"}, "missing_lines": [], "excluded_lines": [], "start_line": 349}, "": {"executed_lines": [5, 6, 7, 9, 10, 11, 12, 13, 14, 16, 18, 21, 23, 24, 25, 26, 27, 28, 29, 30, 31, 34, 36, 37, 38, 41, 45, 68, 69, 77, 79, 80, 81, 93, 100, 101, 132, 133, 148, 149, 150, 156, 157, 163, 165, 166, 172, 182, 184, 196, 197, 225, 226, 275, 276, 329, 330, 331, 334, 336, 338, 339, 342, 344, 345, 346, 349, 351, 352, 353, 354, 357, 358, 370, 371, 372, 378, 379, 380, 381, 389, 390, 391, 392, 395, 396, 405, 408, 418, 420, 431, 432, 468, 469], "summary": {"covered_lines": 94, "num_statements": 169, "percent_covered": 55.62130177514793, "percent_covered_display": "56", "missing_lines": 75, "excluded_lines": 0, "percent_statements_covered": 55.62130177514793, "percent_statements_covered_display": "56"}, "missing_lines": [42, 50, 51, 53, 54, 59, 60, 65, 109, 111, 112, 113, 125, 204, 205, 207, 208, 209, 210, 211, 213, 236, 237, 238, 243, 244, 250, 251, 252, 253, 256, 266, 268, 289, 290, 291, 296, 297, 303, 304, 305, 308, 318, 320, 440, 443, 444, 446, 447, 448, 460, 480, 481, 482, 487, 488, 493, 496, 497, 498, 499, 500, 504, 505, 508, 509, 510, 511, 514, 515, 516, 518, 521, 531, 533], "excluded_lines": [], "start_line": 1}}}, "app\\presentation\\routes\\audit_routes.py": {"executed_lines": [5, 6, 7, 9, 10, 11, 12, 14, 16, 19, 21, 22, 23, 24, 25, 26, 27, 28, 29, 30, 31, 32, 33, 36, 38, 39, 40, 41, 42, 45, 49, 75, 76, 117, 118], "summary": {"covered_lines": 35, "num_statements": 57, "percent_covered": 61.40350877192982, "percent_covered_display": "61", "missing_lines": 22, "excluded_lines": 0, "percent_statements_covered": 61.40350877192982, "percent_statements_covered_display": "61"}, "missing_lines": [46, 54, 56, 57, 59, 60, 66, 67, 72, 86, 87, 88, 90, 91, 92, 108, 125, 126, 129, 130, 131, 133], "excluded_lines": [], "functions": {"get_user_repository": {"executed_lines": [], "summary": {"covered_lines": 0, "num_statements": 1, "percent_covered": 0.0, "percent_covered_display": "0", "missing_lines": 1, "excluded_lines": 0, "percent_statements_covered": 0.0, "percent_statements_covered_display": "0"}, "missing_lines": [46], "excluded_lines": [], "start_line": 45}, "require_auditor": {"executed_lines": [], "summary": {"covered_lines": 0, "num_statements": 8, "percent_covered": 0.0, "percent_covered_display": "0", "missing_lines": 8, "excluded_lines": 0, "percent_statements_covered": 0.0, "percent_statements_covered_display": "0"}, "missing_lines": [54, 56, 57, 59, 60, 66, 67, 72], "excluded_lines": [], "start_line": 49}, "get_audit_logs": {"executed_lines": [], "summary": {"covered_lines": 0, "num_statements": 7, "percent_covered": 0.0, "percent_covered_display": "0", "missing_lines": 7, "excluded_lines": 0, "percent_statements_covered": 0.0, "percent_statements_covered_display": "0"}, "missing_lines": [86, 87, 88, 90, 91, 92, 108], "excluded_lines": [], "start_line": 76}, "audit_stats": {"executed_lines": [], "summary": {"covered_lines": 0, "num_statements": 6, "percent_covered": 0.0, "percent_covered_display": "0", "missing_lines": 6, "excluded_lines": 0, "percent_statements_covered": 0.0, "percent_statements_covered_display": "0"}, "missing_lines": [125, 126, 129, 130, 131, 133], "excluded_lines": [], "start_line": 118}, "": {"executed_lines": [5, 6, 7, 9, 10, 11, 12, 14, 16, 19, 21, 22, 23, 24, 25, 26, 27, 28, 29, 30, 31, 32, 33, 36, 38, 39, 40, 41, 42, 45, 49, 75, 76, 117, 118], "summary": {"covered_lines": 35, "num_statements": 35, "percent_covered": 100.0, "percent_covered_display": "100", "missing_lines": 0, "excluded_lines": 0, "percent_statements_covered": 100.0, "percent_statements_covered_display": "100"}, "missing_lines": [], "excluded_lines": [], "start_line": 1}}, "classes": {"AuditLogItem": {"executed_lines": [], "summary": {"covered_lines": 0, "num_statements": 0, "percent_covered": 100.0, "percent_covered_display": "100", "missing_lines": 0, "excluded_lines": 0, "percent_statements_covered": 100.0, "percent_statements_covered_display": "100"}, "missing_lines": [], "excluded_lines": [], "start_line": 19}, "AuditLogsResponse": {"executed_lines": [], "summary": {"covered_lines": 0, "num_statements": 0, "percent_covered": 100.0, "percent_covered_display": "100", "missing_lines": 0, "excluded_lines": 0, "percent_statements_covered": 100.0, "percent_statements_covered_display": "100"}, "missing_lines": [], "excluded_lines": [], "start_line": 36}, "": {"executed_lines": [5, 6, 7, 9, 10, 11, 12, 14, 16, 19, 21, 22, 23, 24, 25, 26, 27, 28, 29, 30, 31, 32, 33, 36, 38, 39, 40, 41, 42, 45, 49, 75, 76, 117, 118], "summary": {"covered_lines": 35, "num_statements": 57, "percent_covered": 61.40350877192982, "percent_covered_display": "61", "missing_lines": 22, "excluded_lines": 0, "percent_statements_covered": 61.40350877192982, "percent_statements_covered_display": "61"}, "missing_lines": [46, 54, 56, 57, 59, 60, 66, 67, 72, 86, 87, 88, 90, 91, 92, 108, 125, 126, 129, 130, 131, 133], "excluded_lines": [], "start_line": 1}}}, "app\\presentation\\routes\\auth_routes.py": {"executed_lines": [5, 6, 7, 8, 9, 10, 11, 13, 19, 20, 21, 23, 26, 29, 32, 34, 37, 38, 39, 51, 52, 54, 55, 60, 67, 68, 69, 81, 82, 84, 86, 95, 96, 97, 98, 99, 100, 101, 102, 103, 104, 105, 106, 107, 109, 115, 118, 119, 121, 124, 125, 133, 134, 136, 137, 143, 144, 146, 148, 156, 157, 160, 162, 163, 166, 168, 169, 172, 173, 181, 182, 184, 185, 190, 205, 206, 230, 233, 235, 236, 239, 240, 241, 251, 252, 254, 255, 261, 262, 269, 270, 276, 277, 283, 284, 285, 288, 289, 290, 292, 294], "summary": {"covered_lines": 101, "num_statements": 105, "percent_covered": 96.19047619047619, "percent_covered_display": "96", "missing_lines": 4, "excluded_lines": 0, "percent_statements_covered": 96.19047619047619, "percent_statements_covered_display": "96"}, "missing_lines": [215, 217, 266, 267], "excluded_lines": [], "functions": {"get_user_repository": {"executed_lines": [34], "summary": {"covered_lines": 1, "num_statements": 1, "percent_covered": 100.0, "percent_covered_display": "100", "missing_lines": 0, "excluded_lines": 0, "percent_statements_covered": 100.0, "percent_statements_covered_display": "100"}, "missing_lines": [], "excluded_lines": [], "start_line": 32}, "register": {"executed_lines": [51, 52, 54, 55, 60], "summary": {"covered_lines": 5, "num_statements": 5, "percent_covered": 100.0, "percent_covered_display": "100", "missing_lines": 0, "excluded_lines": 0, "percent_statements_covered": 100.0, "percent_statements_covered_display": "100"}, "missing_lines": [], "excluded_lines": [], "start_line": 39}, "login": {"executed_lines": [81, 82, 84, 86, 95, 96, 97, 98, 99, 100, 101, 102, 103, 104, 105, 106, 107, 109, 115], "summary": {"covered_lines": 19, "num_statements": 19, "percent_covered": 100.0, "percent_covered_display": "100", "missing_lines": 0, "excluded_lines": 0, "percent_statements_covered": 100.0, "percent_statements_covered_display": "100"}, "missing_lines": [], "excluded_lines": [], "start_line": 69}, "health_check": {"executed_lines": [121], "summary": {"covered_lines": 1, "num_statements": 1, "percent_covered": 100.0, "percent_covered_display": "100", "missing_lines": 0, "excluded_lines": 0, "percent_statements_covered": 100.0, "percent_statements_covered_display": "100"}, "missing_lines": [], "excluded_lines": [], "start_line": 119}, "logout": {"executed_lines": [133, 134, 136, 137, 143, 144, 146, 148], "summary": {"covered_lines": 8, "num_statements": 8, "percent_covered": 100.0, "percent_covered_display": "100", "missing_lines": 0, "excluded_lines": 0, "percent_statements_covered": 100.0, "percent_statements_covered_display": "100"}, "missing_lines": [], "excluded_lines": [], "start_line": 125}, "get_profile": {"executed_lines": [181, 182, 184, 185, 190], "summary": {"covered_lines": 5, "num_statements": 5, "percent_covered": 100.0, "percent_covered_display": "100", "missing_lines": 0, "excluded_lines": 0, "percent_statements_covered": 100.0, "percent_statements_covered_display": "100"}, "missing_lines": [], "excluded_lines": [], "start_line": 173}, "update_preferences": {"executed_lines": [], "summary": {"covered_lines": 0, "num_statements": 2, "percent_covered": 0.0, "percent_covered_display": "0", "missing_lines": 2, "excluded_lines": 0, "percent_statements_covered": 0.0, "percent_statements_covered_display": "0"}, "missing_lines": [215, 217], "excluded_lines": [], "start_line": 206}, "change_password": {"executed_lines": [251, 252, 254, 255, 261, 262, 269, 270, 276, 277, 283, 284, 285, 288, 289, 290, 292, 294], "summary": {"covered_lines": 18, "num_statements": 20, "percent_covered": 90.0, "percent_covered_display": "90", "missing_lines": 2, "excluded_lines": 0, "percent_statements_covered": 90.0, "percent_statements_covered_display": "90"}, "missing_lines": [266, 267], "excluded_lines": [], "start_line": 241}, "": {"executed_lines": [5, 6, 7, 8, 9, 10, 11, 13, 19, 20, 21, 23, 26, 29, 32, 37, 38, 39, 67, 68, 69, 118, 119, 124, 125, 156, 157, 160, 162, 163, 166, 168, 169, 172, 173, 205, 206, 230, 233, 235, 236, 239, 240, 241], "summary": {"covered_lines": 44, "num_statements": 44, "percent_covered": 100.0, "percent_covered_display": "100", "missing_lines": 0, "excluded_lines": 0, "percent_statements_covered": 100.0, "percent_statements_covered_display": "100"}, "missing_lines": [], "excluded_lines": [], "start_line": 1}}, "classes": {"ProfileResponse": {"executed_lines": [], "summary": {"covered_lines": 0, "num_statements": 0, "percent_covered": 100.0, "percent_covered_display": "100", "missing_lines": 0, "excluded_lines": 0, "percent_statements_covered": 100.0, "percent_statements_covered_display": "100"}, "missing_lines": [], "excluded_lines": [], "start_line": 160}, "PreferencesRequest": {"executed_lines": [], "summary": {"covered_lines": 0, "num_statements": 0, "percent_covered": 100.0, "percent_covered_display": "100", "missing_lines": 0, "excluded_lines": 0, "percent_statements_covered": 100.0, "percent_statements_covered_display": "100"}, "missing_lines": [], "excluded_lines": [], "start_line": 166}, "ChangePasswordRequest": {"executed_lines": [], "summary": {"covered_lines": 0, "num_statements": 0, "percent_covered": 100.0, "percent_covered_display": "100", "missing_lines": 0, "excluded_lines": 0, "percent_statements_covered": 100.0, "percent_statements_covered_display": "100"}, "missing_lines": [], "excluded_lines": [], "start_line": 233}, "": {"executed_lines": [5, 6, 7, 8, 9, 10, 11, 13, 19, 20, 21, 23, 26, 29, 32, 34, 37, 38, 39, 51, 52, 54, 55, 60, 67, 68, 69, 81, 82, 84, 86, 95, 96, 97, 98, 99, 100, 101, 102, 103, 104, 105, 106, 107, 109, 115, 118, 119, 121, 124, 125, 133, 134, 136, 137, 143, 144, 146, 148, 156, 157, 160, 162, 163, 166, 168, 169, 172, 173, 181, 182, 184, 185, 190, 205, 206, 230, 233, 235, 236, 239, 240, 241, 251, 252, 254, 255, 261, 262, 269, 270, 276, 277, 283, 284, 285, 288, 289, 290, 292, 294], "summary": {"covered_lines": 101, "num_statements": 105, "percent_covered": 96.19047619047619, "percent_covered_display": "96", "missing_lines": 4, "excluded_lines": 0, "percent_statements_covered": 96.19047619047619, "percent_statements_covered_display": "96"}, "missing_lines": [215, 217, 266, 267], "excluded_lines": [], "start_line": 1}}}, "app\\presentation\\routes\\face_routes.py": {"executed_lines": [5, 6, 7, 8, 9, 11, 16, 17, 18, 19, 20, 21, 23, 26, 29, 54, 57, 61, 65, 66, 67, 99, 100, 101, 130, 131, 165, 166, 169, 171, 174, 176, 177, 178, 181, 185, 186, 212, 213, 214, 243, 244, 245], "summary": {"covered_lines": 43, "num_statements": 93, "percent_covered": 46.236559139784944, "percent_covered_display": "46", "missing_lines": 50, "excluded_lines": 0, "percent_statements_covered": 46.236559139784944, "percent_statements_covered_display": "46"}, "missing_lines": [34, 35, 36, 37, 38, 39, 44, 45, 46, 47, 48, 50, 58, 62, 81, 83, 84, 86, 87, 92, 116, 118, 119, 123, 139, 140, 142, 143, 149, 150, 152, 182, 195, 197, 199, 200, 206, 226, 228, 230, 231, 236, 259, 262, 264, 266, 267, 268, 270, 281], "excluded_lines": [], "functions": {"get_user_id_from_request": {"executed_lines": [], "summary": {"covered_lines": 0, "num_statements": 12, "percent_covered": 0.0, "percent_covered_display": "0", "missing_lines": 12, "excluded_lines": 0, "percent_statements_covered": 0.0, "percent_statements_covered_display": "0"}, "missing_lines": [34, 35, 36, 37, 38, 39, 44, 45, 46, 47, 48, 50], "excluded_lines": [], "start_line": 29}, "get_user_repository": {"executed_lines": [], "summary": {"covered_lines": 0, "num_statements": 1, "percent_covered": 0.0, "percent_covered_display": "0", "missing_lines": 1, "excluded_lines": 0, "percent_statements_covered": 0.0, "percent_statements_covered_display": "0"}, "missing_lines": [58], "excluded_lines": [], "start_line": 57}, "get_face_service": {"executed_lines": [], "summary": {"covered_lines": 0, "num_statements": 1, "percent_covered": 0.0, "percent_covered_display": "0", "missing_lines": 1, "excluded_lines": 0, "percent_statements_covered": 0.0, "percent_statements_covered_display": "0"}, "missing_lines": [62], "excluded_lines": [], "start_line": 61}, "register_face": {"executed_lines": [], "summary": {"covered_lines": 0, "num_statements": 6, "percent_covered": 0.0, "percent_covered_display": "0", "missing_lines": 6, "excluded_lines": 0, "percent_statements_covered": 0.0, "percent_statements_covered_display": "0"}, "missing_lines": [81, 83, 84, 86, 87, 92], "excluded_lines": [], "start_line": 67}, "verify_face": {"executed_lines": [], "summary": {"covered_lines": 0, "num_statements": 4, "percent_covered": 0.0, "percent_covered_display": "0", "missing_lines": 4, "excluded_lines": 0, "percent_statements_covered": 0.0, "percent_statements_covered_display": "0"}, "missing_lines": [116, 118, 119, 123], "excluded_lines": [], "start_line": 101}, "face_status": {"executed_lines": [], "summary": {"covered_lines": 0, "num_statements": 7, "percent_covered": 0.0, "percent_covered_display": "0", "missing_lines": 7, "excluded_lines": 0, "percent_statements_covered": 0.0, "percent_statements_covered_display": "0"}, "missing_lines": [139, 140, 142, 143, 149, 150, 152], "excluded_lines": [], "start_line": 131}, "get_backup_service": {"executed_lines": [], "summary": {"covered_lines": 0, "num_statements": 1, "percent_covered": 0.0, "percent_covered_display": "0", "missing_lines": 1, "excluded_lines": 0, "percent_statements_covered": 0.0, "percent_statements_covered_display": "0"}, "missing_lines": [182], "excluded_lines": [], "start_line": 181}, "get_backup_code": {"executed_lines": [], "summary": {"covered_lines": 0, "num_statements": 5, "percent_covered": 0.0, "percent_covered_display": "0", "missing_lines": 5, "excluded_lines": 0, "percent_statements_covered": 0.0, "percent_statements_covered_display": "0"}, "missing_lines": [195, 197, 199, 200, 206], "excluded_lines": [], "start_line": 186}, "generate_backup_code": {"executed_lines": [], "summary": {"covered_lines": 0, "num_statements": 5, "percent_covered": 0.0, "percent_covered_display": "0", "missing_lines": 5, "excluded_lines": 0, "percent_statements_covered": 0.0, "percent_statements_covered_display": "0"}, "missing_lines": [226, 228, 230, 231, 236], "excluded_lines": [], "start_line": 214}, "verify_backup_code": {"executed_lines": [], "summary": {"covered_lines": 0, "num_statements": 8, "percent_covered": 0.0, "percent_covered_display": "0", "missing_lines": 8, "excluded_lines": 0, "percent_statements_covered": 0.0, "percent_statements_covered_display": "0"}, "missing_lines": [259, 262, 264, 266, 267, 268, 270, 281], "excluded_lines": [], "start_line": 245}, "": {"executed_lines": [5, 6, 7, 8, 9, 11, 16, 17, 18, 19, 20, 21, 23, 26, 29, 54, 57, 61, 65, 66, 67, 99, 100, 101, 130, 131, 165, 166, 169, 171, 174, 176, 177, 178, 181, 185, 186, 212, 213, 214, 243, 244, 245], "summary": {"covered_lines": 43, "num_statements": 43, "percent_covered": 100.0, "percent_covered_display": "100", "missing_lines": 0, "excluded_lines": 0, "percent_statements_covered": 100.0, "percent_statements_covered_display": "100"}, "missing_lines": [], "excluded_lines": [], "start_line": 1}}, "classes": {"BackupCodeRequest": {"executed_lines": [], "summary": {"covered_lines": 0, "num_statements": 0, "percent_covered": 100.0, "percent_covered_display": "100", "missing_lines": 0, "excluded_lines": 0, "percent_statements_covered": 100.0, "percent_statements_covered_display": "100"}, "missing_lines": [], "excluded_lines": [], "start_line": 169}, "BackupCodeResponse": {"executed_lines": [], "summary": {"covered_lines": 0, "num_statements": 0, "percent_covered": 100.0, "percent_covered_display": "100", "missing_lines": 0, "excluded_lines": 0, "percent_statements_covered": 100.0, "percent_statements_covered_display": "100"}, "missing_lines": [], "excluded_lines": [], "start_line": 174}, "": {"executed_lines": [5, 6, 7, 8, 9, 11, 16, 17, 18, 19, 20, 21, 23, 26, 29, 54, 57, 61, 65, 66, 67, 99, 100, 101, 130, 131, 165, 166, 169, 171, 174, 176, 177, 178, 181, 185, 186, 212, 213, 214, 243, 244, 245], "summary": {"covered_lines": 43, "num_statements": 93, "percent_covered": 46.236559139784944, "percent_covered_display": "46", "missing_lines": 50, "excluded_lines": 0, "percent_statements_covered": 46.236559139784944, "percent_statements_covered_display": "46"}, "missing_lines": [34, 35, 36, 37, 38, 39, 44, 45, 46, 47, 48, 50, 58, 62, 81, 83, 84, 86, 87, 92, 116, 118, 119, 123, 139, 140, 142, 143, 149, 150, 152, 182, 195, 197, 199, 200, 206, 226, 228, 230, 231, 236, 259, 262, 264, 266, 267, 268, 270, 281], "excluded_lines": [], "start_line": 1}}}}, "totals": {"covered_lines": 1284, "num_statements": 1602, "percent_covered": 80.1498127340824, "percent_covered_display": "80", "missing_lines": 318, "excluded_lines": 0, "percent_statements_covered": 80.1498127340824, "percent_statements_covered_display": "80"}}